blackhole-clmm on Avalanche | APY: 541.2584% | TVL: $994,737 | Pair: ['0xb31f66aa3c1e785363f0875a1b74e27b85fd66c7', '0xb97ef9ef8734c71904d8002f8b6bc66dd9c48a6e']
morpho-blue on Arbitrum | APY: 297995.79868% | TVL: $958,235 | Pair: ['0xaf88d065e77c8cC2239327C5EDb3A432268e5831']
aerodrome-slipstream on Base | APY: 120.62687% | TVL: $921,393 | Pair: ['0x833589fCD6eDb6E08f4c7C32D4f71b54bdA02913', '0xC729777d0470F30612B1564Fd96E8Dd26f5814E3']
pancakeswap-amm-v3 on Ethereum | APY: 160.47055% | TVL: $913,883 | Pair: ['0xc02aaa39b223fe8d0a0e5c4f27ead9083c756cc2', '0xdac17f958d2ee523a2206206994597c13d831ec7']
uniswap-v4 on Ethereum | APY: 298.13141% | TVL: $837,984 | Pair: ['0x0000000000000000000000000000000000000000', '0xf280b16ef293d8e534e370794ef26bf312694126']
aerodrome-slipstream on Base | APY: 138.30084% | TVL: $832,146 | Pair: ['0x4200000000000000000000000000000000000006', '0x63706e401c06ac8513145b7687A14804d17f814b']
uniswap-v4 on Ethereum | APY: 282.92799% | TVL: $813,430 | Pair: ['0x23878914efe38d27c4d67ab83ed1b93a74d4086a', '0xdac17f958d2ee523a2206206994597c13d831ec7']
cetus-clmm on Sui | APY: 105.49636% | TVL: $801,201 | Pair: ['0xdeeb7a4662eec9f2f3def03fb937a663dddaa2e215b8078a284d026b7946c270::deep::DEEP', '0x0000000000000000000000000000000000000000000000000000000000000002::sui::SUI']
uniswap-v2 on Ethereum | APY: 105.90583% | TVL: $799,305 | Pair: ['0xc02aaa39b223fe8d0a0e5c4f27ead9083c756cc2', '0xf8ebf4849f1fa4faf0dff2106a173d3a6cb2eb3a']
hyperion on Aptos | APY: 136.26575% | TVL: $795,836 | Pair: ['0x81214a80d82035a190fcb76b6ff3c0145161c3a9f33d137f2bbaee4cfec8a387', '0xf599112bc3a5b6092469890d6a2f353f485a6193c9d36626b480704467d3f4c8']
uniswap-v4 on Base | APY: 145.88432% | TVL: $784,612 | Pair: ['0x4200000000000000000000000000000000000006', '0x5f980dcfc4c0fa3911554cf5ab288ed0eb13dba3']
aerodrome-slipstream on Base | APY: 202.35804% | TVL: $716,155 | Pair: ['0x311935Cd80B76769bF2ecC9D8Ab7635b2139cf82', '0xcbB7C0000aB88B473b1f5aFd9ef808440eed33Bf']
uniswap-v4 on Ethereum | APY: 166.86897% | TVL: $715,762 | Pair: ['0xa0b86991c6218b36c1d19d4a2e9eb0ce3606eb48', '0xc20059e0317de91738d13af027dfc4a50781b066']
aerodrome-slipstream on Base | APY: 21751.62578% | TVL: $715,302 | Pair: ['0x696F9436B67233384889472Cd7cD58A6fB5DF4f1', '0x833589fCD6eDb6E08f4c7C32D4f71b54bdA02913']
uniswap-v4 on Base | APY: 154.84227% | TVL: $707,659 | Pair: ['0x26e6e2e7a9289b6485c53cd498de510d3a8c8ba3', '0x4200000000000000000000000000000000000006']
uniswap-v3 on Arbitrum | APY: 368.51103% | TVL: $698,056 | Pair: ['0x82af49447d8a07e3bd95bd0d56f35241523fbab1', '0xe50fa9b3c56ffb159cb0fca61f5c9d750e8128c8']
aerodrome-slipstream on Base | APY: 1582.43285% | TVL: $695,120 | Pair: ['0x833589fCD6eDb6E08f4c7C32D4f71b54bdA02913', '0x9EadbE35F3Ee3bF3e28180070C429298a1b02F93']
aerodrome-slipstream on Base | APY: 112.48197% | TVL: $689,426 | Pair: ['0x0b3e328455c4059EEb9e3f84b5543F74E24e7E1b', '0x4200000000000000000000000000000000000006']
aerodrome-slipstream on Base | APY: 202.83068% | TVL: $660,275 | Pair: ['0x833589fCD6eDb6E08f4c7C32D4f71b54bdA02913', '0x9126236476eFBA9Ad8aB77855c60eB5BF37586Eb']
uniswap-v3 on Ethereum | APY: 101.4526% | TVL: $655,239 | Pair: ['0x0d438f3b5175bebc262bf23753c1e53d03432bde', '0xc02aaa39b223fe8d0a0e5c4f27ead9083c756cc2']
aerodrome-v1 on Base | APY: 12850.42068% | TVL: $649,308 | Pair: ['0x833589fCD6eDb6E08f4c7C32D4f71b54bdA02913', '0x9B5E262cF9bb04869ab40b19AF91D2dc85761722']
zeebu on BSC | APY: 767553.43815% | TVL: $620,959 | Pair: ['0x4D3dc895a9EDb234DfA3e303A196c009dC918f84']
uniswap-v3 on Ethereum | APY: 142.33183% | TVL: $620,749 | Pair: ['0xc02aaa39b223fe8d0a0e5c4f27ead9083c756cc2', '0xcab254f1a32343f11ab41fbde90ecb410cde348a']
uniswap-v4 on Ethereum | APY: 636.69596% | TVL: $590,309 | Pair: ['0x0000000000000000000000000000000000000000', '0xc20059e0317de91738d13af027dfc4a50781b066']
morpho-blue on Ethereum | APY: 819.12731% | TVL: $575,451 | Pair: ['0xA0b86991c6218b36c1d19D4a2e9Eb0cE3606eB48']
morpho-blue on Ethereum | APY: 154.94357% | TVL: $567,224 | Pair: ['0xA0b86991c6218b36c1d19D4a2e9Eb0cE3606eB48']
aerodrome-slipstream on Base | APY: 752.49558% | TVL: $561,807 | Pair: ['0x833589fCD6eDb6E08f4c7C32D4f71b54bdA02913', '0xe62bfbE57763ec24c0F130426F34DbCe11Fc5B06']
aerodrome-slipstream on Base | APY: 285.45738% | TVL: $561,188 | Pair: ['0x4200000000000000000000000000000000000006', '0x833589fCD6eDb6E08f4c7C32D4f71b54bdA02913']
uniswap-v4 on Base | APY: 104.84279% | TVL: $561,048 | Pair: ['0x16332535e2c27da578bc2e82beb09ce9d3c8eb07', '0x4200000000000000000000000000000000000006']
aerodrome-slipstream on Base | APY: 6101.50852% | TVL: $543,924 | Pair: ['0x0C1c1C109FE34733fca54b82d7B46B75CFb71F6e', '0x833589fCD6eDb6E08f4c7C32D4f71b54bdA02913']
aerodrome-slipstream on Base | APY: 284.7686% | TVL: $523,903 | Pair: ['0x16EE7ecAc70d1028E7712751E2Ee6BA808a7dd92', '0x833589fCD6eDb6E08f4c7C32D4f71b54bdA02913']
raydium-amm on Solana | APY: 230.43% | TVL: $522,046 | Pair: ['XsvNBAYkrDRNhA7wPHQfX3ZUXZyZLdnCQDfHZ56bzpg', 'EPjFWdd5AufqSSqeM2qN1xzybapC8G4wEGGkZwyTDt1v']
uniswap-v3 on Ethereum | APY: 110.78558% | TVL: $506,576 | Pair: ['0x30ae41d5f9988d359c733232c6c693c0e645c77e', '0xc02aaa39b223fe8d0a0e5c4f27ead9083c756cc2']
morpho-blue on Ethereum | APY: 297995.79868% | TVL: $501,364 | Pair: ['0xA0b86991c6218b36c1d19D4a2e9Eb0cE3606eB48']
aerodrome-slipstream on Base | APY: 111.64634% | TVL: $487,328 | Pair: ['0x1bc0c42215582d5A085795f4baDbaC3ff36d1Bcb', '0x4200000000000000000000000000000000000006']
aerodrome-slipstream on Base | APY: 1566.72023% | TVL: $474,952 | Pair: ['0x2Ae3F1Ec7F1F5012CFEab0185bfc7aa3cf0DEc22', '0xcbB7C0000aB88B473b1f5aFd9ef808440eed33Bf']
supernova-cl on Ethereum | APY: 10611.23529% | TVL: $461,706 | Pair: ['0xc02aaa39b223fe8d0a0e5c4f27ead9083c756cc2', '0xdac17f958d2ee523a2206206994597c13d831ec7']
beefy on Monad | APY: 133.23829% | TVL: $453,589 | Pair: ['0x3bd359C1119dA7Da1D913D1C4D2B7c461115433A', '0x754704Bc059F8C67012fEd69BC8A327a5aafb603']
blackhole-clmm on Avalanche | APY: 272.41802% | TVL: $433,294 | Pair: ['0x152b9d0fdc40c096757f570a51e494bd4b943e50', '0x9702230a8ea53601f5cd2dc00fdbc13d4df4a8c7']
uniswap-v2 on Base | APY: 135.97456% | TVL: $427,634 | Pair: ['0x4200000000000000000000000000000000000006', '0xedb6970b7be5a522cff14c8b679a2d813ff97b4d']
orca-dex on Solana | APY: 6473.10054% | TVL: $423,502 | Pair: ['WingsAYbfs4qnEgcw8jpSvetqp8XHM3GkKvow54WLcd', 'EPjFWdd5AufqSSqeM2qN1xzybapC8G4wEGGkZwyTDt1v']
uniswap-v2 on Ethereum | APY: 239.68801% | TVL: $410,407 | Pair: ['0x3483fe3bac9ca981f53e92f05603e1b32cd1b3cc', '0xc02aaa39b223fe8d0a0e5c4f27ead9083c756cc2']
raydium-amm on Solana | APY: 111.42% | TVL: $406,884 | Pair: ['So11111111111111111111111111111111111111112', '3z2tRjNuQjoq6UDcw4zyEPD1Eb5KXMPYb4GWFzVT1DPg']
uniswap-v3 on Ethereum | APY: 117.05821% | TVL: $404,789 | Pair: ['0x232ce3bd40fcd6f80f3d55a522d03f25df784ee2', '0xa0b86991c6218b36c1d19d4a2e9eb0ce3606eb48']
uniswap-v4 on Ethereum | APY: 666.21097% | TVL: $397,611 | Pair: ['0xa0b86991c6218b36c1d19d4a2e9eb0ce3606eb48', '0xf280b16ef293d8e534e370794ef26bf312694126']
uniswap-v3 on Base | APY: 165.67329% | TVL: $395,130 | Pair: ['0x833589fcd6edb6e08f4c7c32d4f71b54bda02913', '0xb886cf1444bff05e9a99e00543bc4054d423ebfd']
uniswap-v4 on Base | APY: 149.81809% | TVL: $392,984 | Pair: ['0x316ffb9c875f900adcf04889e415cc86b564eba3', '0x4200000000000000000000000000000000000006']
yearn-finance on Katana | APY: 129.23803% | TVL: $380,554 | Pair: ['0x0913da6da4b42f538b445599b46bb4622342cf52']
uniswap-v4 on Base | APY: 123.18935% | TVL: $378,435 | Pair: ['0x4200000000000000000000000000000000000006', '0x65021a79aeef22b17cdc1b768f5e79a8618beba3']
aerodrome-slipstream on Base | APY: 660.73507% | TVL: $377,861 | Pair: ['0x311935Cd80B76769bF2ecC9D8Ab7635b2139cf82', '0x833589fCD6eDb6E08f4c7C32D4f71b54bdA02913']
beefy on Arbitrum | APY: 160.87975% | TVL: $370,749 | Pair: ['0x82aF49447D8a07e3bd95BD0d56f35241523fBab1', '0x912CE59144191C1204E64559FE8253a0e49E6548']
aerodrome-slipstream on Base | APY: 122.85185% | TVL: $366,847 | Pair: ['0x60a3E35Cc302bFA44Cb288Bc5a4F316Fdb1adb42', '0x833589fCD6eDb6E08f4c7C32D4f71b54bdA02913']
uniswap-v3 on Ethereum | APY: 1239.60074% | TVL: $364,930 | Pair: ['0xa0b86991c6218b36c1d19d4a2e9eb0ce3606eb48', '0xf280b16ef293d8e534e370794ef26bf312694126']
uniswap-v4 on Ethereum | APY: 969.97887% | TVL: $359,831 | Pair: ['0x0000000000000000000000000000000000000000', '0x4d5f47fa6a74757f35c14fd3a6ef8e3c9bc514e8']
uniswap-v3 on Ethereum | APY: 106.67942% | TVL: $358,027 | Pair: ['0x0c1c1c109fe34733fca54b82d7b46b75cfb71f6e', '0xa0b86991c6218b36c1d19d4a2e9eb0ce3606eb48']
aerodrome-slipstream on Base | APY: 472.90948% | TVL: $354,559 | Pair: ['0x4200000000000000000000000000000000000006', '0xB3B32F9f8827D4634fE7d973Fa1034Ec9fdDB3B3']
hyperswap-v3 on Hyperliquid L1 | APY: 101.53875% | TVL: $351,255 | Pair: ['0x5555555555555555555555555555555555555555', '0xb88339cb7199b77e23db6e890353e22632ba630f']
aerodrome-slipstream on Base | APY: 4271.96723% | TVL: $346,099 | Pair: ['0x1aA8fD5BCce2231C6100d55Bf8B377cff33Acfc3', '0x833589fCD6eDb6E08f4c7C32D4f71b54bdA02913']
aerodrome-slipstream on Base | APY: 20431.86104% | TVL: $343,068 | Pair: ['0x1f16e03C1a5908818F47f6EE7bB16690b40D0671', '0x833589fCD6eDb6E08f4c7C32D4f71b54bdA02913']
morpho-blue on Ethereum | APY: 539.47343% | TVL: $338,938 | Pair: ['0xA0b86991c6218b36c1d19D4a2e9Eb0cE3606eB48']
uniswap-v2 on Base | APY: 140.79495% | TVL: $330,459 | Pair: ['0x330eea8ec44e91302c318006ef5b8202adca2d4d', '0x4200000000000000000000000000000000000006']
bluefin-spot on Sui | APY: 116.8196% | TVL: $324,962 | Pair: ['0xdeeb7a4662eec9f2f3def03fb937a663dddaa2e215b8078a284d026b7946c270::deep::DEEP', '0x0000000000000000000000000000000000000000000000000000000000000002::sui::SUI']
supernova-cl on Ethereum | APY: 12567.89432% | TVL: $312,484 | Pair: ['0x2260fac5e5542a773aa44fbcfedf7c193bc2c599', '0xdac17f958d2ee523a2206206994597c13d831ec7']
aerodrome-slipstream on Base | APY: 325.7969% | TVL: $307,843 | Pair: ['0x226A2FA2556C48245E57cd1cbA4C6c9e67077DD2', '0x833589fCD6eDb6E08f4c7C32D4f71b54bdA02913']
aerodrome-slipstream on Base | APY: 174.23541% | TVL: $301,073 | Pair: ['0x22aF33FE49fD1Fa80c7149773dDe5890D3c76F3b', '0x4200000000000000000000000000000000000006']
uniswap-v3 on Arbitrum | APY: 107.0096% | TVL: $292,294 | Pair: ['0x0c880f6761f1af8d9aa9c466984b80dab9a8c9e8', '0xfd086bc7cd5c481dcc9c85ebe478a1c0b69fcbb9']
uniswap-v4 on Base | APY: 119.33738% | TVL: $290,284 | Pair: ['0x0000000000000000000000000000000000000000', '0x5c72992b83e74c4d5200a8e8920fb946214a5a5d']
uniswap-v4 on Ethereum | APY: 176.01964% | TVL: $287,214 | Pair: ['0x888888888887715fb9d9f84175af9e6cce46807e', '0xdac17f958d2ee523a2206206994597c13d831ec7']
uniswap-v2 on Base | APY: 199.38288% | TVL: $286,957 | Pair: ['0x4200000000000000000000000000000000000006', '0x58983645e4022b0758ef1ad182cdfc58793b46ab']
uniswap-v3 on Ethereum | APY: 115.99964% | TVL: $286,491 | Pair: ['0xb1f1ee126e9c96231cc3d3fad7c08b4cf873b1f1', '0xc02aaa39b223fe8d0a0e5c4f27ead9083c756cc2']
supernova-cl on Ethereum | APY: 28275.03697% | TVL: $286,049 | Pair: ['0xa0b86991c6218b36c1d19d4a2e9eb0ce3606eb48', '0xc02aaa39b223fe8d0a0e5c4f27ead9083c756cc2']
uniswap-v4 on OP Mainnet | APY: 156.6858% | TVL: $282,065 | Pair: ['0x0000000000000000000000000000000000000000', '0x94b008aa00579c1307b0ef2c499ad98a8ce58e58']
raydium-amm on Solana | APY: 147.01% | TVL: $280,584 | Pair: ['Xs7ZdzSHLU9ftNJsii5fCeJhoRWSC32SQGzGQtePxNu', 'EPjFWdd5AufqSSqeM2qN1xzybapC8G4wEGGkZwyTDt1v']
uniswap-v3 on Arbitrum | APY: 544.87704% | TVL: $278,152 | Pair: ['0x82af49447d8a07e3bd95bd0d56f35241523fbab1', '0xe50fa9b3c56ffb159cb0fca61f5c9d750e8128c8']
morpho-blue on Ethereum | APY: 297995.53795% | TVL: $278,110 | Pair: ['0xA0b86991c6218b36c1d19D4a2e9Eb0cE3606eB48']
aerodrome-slipstream on Base | APY: 213.9194% | TVL: $277,489 | Pair: ['0x4200000000000000000000000000000000000006', '0x4BfAa776991E85e5f8b1255461cbbd216cFc714f']
aerodrome-slipstream on Base | APY: 137.89994% | TVL: $275,371 | Pair: ['0x306aCd0c07c430AbBBb2e74Ef7bdE94F32A898c0', '0x4200000000000000000000000000000000000006']
uniswap-v2 on Ethereum | APY: 4101.49713% | TVL: $273,818 | Pair: ['0xc02aaa39b223fe8d0a0e5c4f27ead9083c756cc2', '0xce82213c4bae42e1c04880ea64a53eef73e195de']
uniswap-v2 on Base | APY: 231.82042% | TVL: $267,575 | Pair: ['0x1d7a7d1478e3583782dfc98e80f4ff96258b72d5', '0x4200000000000000000000000000000000000006']
uniswap-v4 on Ethereum | APY: 173.04433% | TVL: $267,251 | Pair: ['0x232ce3bd40fcd6f80f3d55a522d03f25df784ee2', '0xa0b86991c6218b36c1d19d4a2e9eb0ce3606eb48']
aerodrome-slipstream on Base | APY: 26954.95445% | TVL: $266,788 | Pair: ['0x833589fCD6eDb6E08f4c7C32D4f71b54bdA02913', '0xbF927b841994731C573BDF09ceB0c6B0Aa887cDd']
uniswap-v2 on Base | APY: 200.5988% | TVL: $266,498 | Pair: ['0x038ea648858e64ff8c71085152b498bc93a3d93c', '0x4200000000000000000000000000000000000006']
tortuga on Aptos | APY: 433.10924% | TVL: $265,897 | Pair: ['0x1::aptos_coin::AptosCoin']
uniswap-v4 on Base | APY: 144.40399% | TVL: $259,198 | Pair: ['0x4200000000000000000000000000000000000006', '0x85eac631c800af804476b140f87039f742c28ba3']
uniswap-v3 on Ethereum | APY: 255.88731% | TVL: $257,526 | Pair: ['0x163f8c2467924be0ae7b5347228cabf260318753', '0xc02aaa39b223fe8d0a0e5c4f27ead9083c756cc2']
uniswap-v4 on Ethereum | APY: 447.23165% | TVL: $256,555 | Pair: ['0x249130f5e2dd4cf278180c0df8273f3592ad1247', '0xa0b86991c6218b36c1d19d4a2e9eb0ce3606eb48']
raydium-amm on Solana | APY: 117.1% | TVL: $254,794 | Pair: ['So11111111111111111111111111111111111111112', 'AV2okTBJG1rrDbUhYS6ACB6XRRKaUz9Daa9fKmhbaiy8']
uniswap-v4 on Base | APY: 179.67365% | TVL: $253,370 | Pair: ['0x4200000000000000000000000000000000000006', '0x95ccfd2b81a9667b0cc979992632f98fc853eba3']
meme-dollar on Ethereum | APY: 148.55792% | TVL: $251,366 | Pair: ['0x02814F435dD04e254Be7ae69F61FCa19881a780D', '0xA0b86991c6218b36c1d19D4a2e9Eb0cE3606eB48']
raydium-amm on Solana | APY: 146.17% | TVL: $248,393 | Pair: ['Xs7ZdzSHLU9ftNJsii5fCeJhoRWSC32SQGzGQtePxNu', 'EPjFWdd5AufqSSqeM2qN1xzybapC8G4wEGGkZwyTDt1v']
uniswap-v4 on Base | APY: 991.52623% | TVL: $244,895 | Pair: ['0x4200000000000000000000000000000000000006', '0xe6acd8843d98ce9dacb035b35cd3f781e3ced7e7']
uniswap-v2 on Base | APY: 298.13042% | TVL: $241,041 | Pair: ['0x2d7b280792c2288348080a6a5cf3f12cc2de77f8', '0x4200000000000000000000000000000000000006']
aerodrome-slipstream on Base | APY: 419.9818% | TVL: $240,055 | Pair: ['0x226A2FA2556C48245E57cd1cbA4C6c9e67077DD2', '0x4200000000000000000000000000000000000006']
raydium-amm on Solana | APY: 118.71% | TVL: $240,047 | Pair: ['So11111111111111111111111111111111111111112', 'HZ1JovNiVvGrGNiiYvEozEVgZ58xaU3RKwX8eACQBCt3']
uniswap-v2 on Base | APY: 290.70837% | TVL: $239,100 | Pair: ['0x4200000000000000000000000000000000000006', '0x6d30a1a3260e1c6a250e1af4704897c2a7470deb']
uniswap-v4 on Ethereum | APY: 354.07873% | TVL: $238,440 | Pair: ['0x0000000000000000000000000000000000000000', '0x4d5f47fa6a74757f35c14fd3a6ef8e3c9bc514e8']
uniswap-v4 on Ethereum | APY: 602.3599% | TVL: $237,067 | Pair: ['0x0000000000000000000000000000000000000000', '0x4d5f47fa6a74757f35c14fd3a6ef8e3c9bc514e8']
aerodrome-slipstream on Base | APY: 258.0295% | TVL: $235,895 | Pair: ['0x00000000A22C618fd6b4D7E9A335C4B96B189a38', '0x4200000000000000000000000000000000000006']
morpho-blue on Ethereum | APY: 141.6054% | TVL: $233,924 | Pair: ['0xA0b86991c6218b36c1d19D4a2e9Eb0cE3606eB48']
aerodrome-slipstream on Base | APY: 149.02246% | TVL: $229,540 | Pair: ['0x833589fCD6eDb6E08f4c7C32D4f71b54bdA02913', '0xF4d97F2da56e8c3098f3a8D538DB630A2606a024']
uniswap-v2 on Ethereum | APY: 191.10305% | TVL: $228,715 | Pair: ['0x562e362876c8aee4744fc2c6aac8394c312d215d', '0xc02aaa39b223fe8d0a0e5c4f27ead9083c756cc2']
aerodrome-slipstream on Base | APY: 103.78891% | TVL: $227,505 | Pair: ['0x833589fCD6eDb6E08f4c7C32D4f71b54bdA02913', '0xd89d90d26B48940FA8F58385Fe84625d468E057a']
uniswap-v4 on Base | APY: 116.286% | TVL: $224,911 | Pair: ['0x4200000000000000000000000000000000000006', '0x9326314259102cfb0448e3a5022188d56e61cba3']
raydium-amm on Solana | APY: 105.58% | TVL: $213,086 | Pair: ['So11111111111111111111111111111111111111112', 'HKJHsYJHMVK5VRyHHk5GhvzY9tBAAtPvDkZfDH6RLDTd']
aerodrome-slipstream on Base | APY: 174.3351% | TVL: $209,205 | Pair: ['0x833589fCD6eDb6E08f4c7C32D4f71b54bdA02913', '0xc5fEd7c8cCC75D8A72b601a66DffD7A489073F0b']
steer-protocol on Polygon | APY: 225.15% | TVL: $208,196 | Pair: ['0x7ceb23fd6bc0add59e62ac25578270cff1b9f619', '0xb5c064f955d8e7f38fe0460c556a72987494ee17']
orca-dex on Solana | APY: 102.06184% | TVL: $202,331 | Pair: ['3jUf2RTyXp867piSB2dt8uUcNiLDW58asjGtXkRAkBbe', 'EPjFWdd5AufqSSqeM2qN1xzybapC8G4wEGGkZwyTDt1v']
uniswap-v3 on OP Mainnet | APY: 123.05513% | TVL: $200,957 | Pair: ['0x0b2c639c533813f4aa9d7837caf62653d097ff85', '0x4200000000000000000000000000000000000042']
beefy on Monad | APY: 115.58845% | TVL: $200,357 | Pair: ['0x0555E30da8f98308EdB960aa94C0Db47230d2B9c', '0x3bd359C1119dA7Da1D913D1C4D2B7c461115433A']
uniswap-v2 on Base | APY: 354.30536% | TVL: $196,964 | Pair: ['0x4200000000000000000000000000000000000006', '0xa13a3c78d5a49ed234bde204990c57375db9be7d']
uniswap-v3 on Ethereum | APY: 241.2096% | TVL: $194,364 | Pair: ['0x5a98fcbea516cf06857215779fd812ca3bef1b32', '0xa0b86991c6218b36c1d19d4a2e9eb0ce3606eb48']
gmx-v2-perps on Arbitrum | APY: 145.60387% | TVL: $191,851 | Pair: ['0x82aF49447D8a07e3bd95BD0d56f35241523fBab1', '0xaf88d065e77c8cC2239327C5EDb3A432268e5831']
aerodrome-slipstream on Base | APY: 348.75334% | TVL: $191,794 | Pair: ['0x4200000000000000000000000000000000000006', '0xacfE6019Ed1A7Dc6f7B508C02d1b04ec88cC21bf']
raydium-amm on Solana | APY: 166.89% | TVL: $190,713 | Pair: ['So11111111111111111111111111111111111111112', 'AT13ipG8K4HDyEJm3H1ZVQV2Bw8sihewoLQReSMsYo3o']
uniswap-v4 on Base | APY: 6596.58471% | TVL: $189,959 | Pair: ['0x4200000000000000000000000000000000000006', '0x4af16f11f36e8afffd397baed7dee9b5621321fd']
raydium-amm on Solana | APY: 102.74% | TVL: $189,913 | Pair: ['So11111111111111111111111111111111111111112', 'XsDoVfqeBukxuZHWhdvWHBhgEHjGNst4MLodqsJHzoB']
uniswap-v4 on Base | APY: 13939.91083% | TVL: $189,825 | Pair: ['0x0e9d871bdb9bc047bf54ab8f09482e1caff37552', '0x4200000000000000000000000000000000000006']
uniswap-v2 on Base | APY: 190.44401% | TVL: $189,550 | Pair: ['0x4200000000000000000000000000000000000006', '0x60e9f9e8ccc7507651b5c97dc79ade40daac9af4']
uniswap-v4 on Base | APY: 8410.30577% | TVL: $188,775 | Pair: ['0x4200000000000000000000000000000000000006', '0xdcc1d0a49109b3b9abb379031587e5bb0ed1e300']
uniswap-v4 on Base | APY: 3651.38725% | TVL: $188,582 | Pair: ['0x4200000000000000000000000000000000000006', '0xa8abb1dce1af98d49eb8df5ae4d0abe620d0b22e']
uniswap-v4 on Base | APY: 155.02726% | TVL: $184,842 | Pair: ['0x4200000000000000000000000000000000000006', '0xd7bc6a05a56655fb2052f742b012d1dfd66e1ba3']
uniswap-v3 on Ethereum | APY: 144.43319% | TVL: $180,514 | Pair: ['0x808507121b80c02388fad14726482e061b8da827', '0xc02aaa39b223fe8d0a0e5c4f27ead9083c756cc2']
aerodrome-slipstream on Base | APY: 421.60774% | TVL: $179,472 | Pair: ['0x370923D39f139C64813f173a1bf0b4f9Ba36a24f', '0x833589fCD6eDb6E08f4c7C32D4f71b54bdA02913']
orca-dex on Solana | APY: 203.25735% | TVL: $179,197 | Pair: ['7pKXpFsnZS5BB4Eydk3uZ84FeKDSvkv1z4Hv5ayQ28RV', 'EPjFWdd5AufqSSqeM2qN1xzybapC8G4wEGGkZwyTDt1v']
mortgagefi on Base | APY: 153.58% | TVL: $179,018 | Pair: ['0x833589fCD6eDb6E08f4c7C32D4f71b54bdA02913']
aerodrome-slipstream on Base | APY: 149.32278% | TVL: $176,962 | Pair: ['0x5aB3D4c385B400F3aBB49e80DE2fAF6a88A7B691', '0x833589fCD6eDb6E08f4c7C32D4f71b54bdA02913']
uniswap-v4 on Base | APY: 3751.98371% | TVL: $172,951 | Pair: ['0x4200000000000000000000000000000000000006', '0x89b6a397d76038ea76302fa8b2824766d9d6959a']
velodrome-v2 on OP Mainnet | APY: 257.29752% | TVL: $172,740 | Pair: ['0xCa0E54b636DB823847B29F506BFFEE743F57729D', '0xDA10009cBd5D07dd0CeCc66161FC93D7c9000da1']
supernova-cl on Ethereum | APY: 3478.38086% | TVL: $172,636 | Pair: ['0x2260fac5e5542a773aa44fbcfedf7c193bc2c599', '0xc02aaa39b223fe8d0a0e5c4f27ead9083c756cc2']
uniswap-v4 on Base | APY: 859.28932% | TVL: $171,732 | Pair: ['0x03d191fe55630e0d5cdc3101ae67a30069eb5e9c', '0x4200000000000000000000000000000000000006']
raydium-amm on Solana | APY: 131.13% | TVL: $169,990 | Pair: ['3c7Dw11ai6qNkcwokbS1Ykpb4VuKvECQs9NbAdQpYn36', 'So11111111111111111111111111111111111111112']
orca-dex on Solana | APY: 171.88226% | TVL: $168,810 | Pair: ['So11111111111111111111111111111111111111112', 'ZBCNpuD7YMXzTHB2fhGkGi78MNsHGLRXUhRewNRm9RU']
raydium-amm on Solana | APY: 213.95% | TVL: $168,384 | Pair: ['7bJnHGkJuEdpTdJrmYBPrTERByjz5aijkt9rS2JwqprA', 'So11111111111111111111111111111111111111112']
uniswap-v4 on Base | APY: 267.20806% | TVL: $167,343 | Pair: ['0x4200000000000000000000000000000000000006', '0xbf8e8f0e8866a7052f948c16508644347c57aba3']
uniswap-v2 on Ethereum | APY: 460.97574% | TVL: $166,969 | Pair: ['0x45547ab0100f5e8b158258b6d94d7586de69fc21', '0xc02aaa39b223fe8d0a0e5c4f27ead9083c756cc2']
uniswap-v2 on Ethereum | APY: 359.78468% | TVL: $166,785 | Pair: ['0xbadff0ef41d2a68f22de21eabca8a59aaf495cf0', '0xc02aaa39b223fe8d0a0e5c4f27ead9083c756cc2']
uniswap-v4 on Base | APY: 4589.94482% | TVL: $164,535 | Pair: ['0x4200000000000000000000000000000000000006', '0xdb213a8eab9619f303d3efabb840e85c536f26fb']
uniswap-v4 on Base | APY: 4229.72569% | TVL: $164,330 | Pair: ['0x4200000000000000000000000000000000000006', '0xb4abecc3f9f67ec911dedfdfb9a3684c719985ea']
uniswap-v4 on Ethereum | APY: 292.29957% | TVL: $163,722 | Pair: ['0x0000000000000000000000000000000000000000', '0x4d5f47fa6a74757f35c14fd3a6ef8e3c9bc514e8']
uniswap-v4 on Ethereum | APY: 220.9718% | TVL: $162,856 | Pair: ['0x57e114b691db790c35207b2e685d4a43181e6061', '0xa0b86991c6218b36c1d19d4a2e9eb0ce3606eb48']
aerodrome-slipstream on Base | APY: 237.48063% | TVL: $162,414 | Pair: ['0x4200000000000000000000000000000000000006', '0xA4A2E2ca3fBfE21aed83471D28b6f65A233C6e00']
uniswap-v4 on Base | APY: 10118.74434% | TVL: $162,124 | Pair: ['0x4200000000000000000000000000000000000006', '0x9e335b0ed905324a29cb1b7ee7ce5efae5a6847e']
steer-protocol on Polygon | APY: 161.75% | TVL: $161,731 | Pair: ['0x3c499c542cef5e3811e1192ce70d8cc03d5c3359', '0x7ceb23fd6bc0add59e62ac25578270cff1b9f619']
raydium-amm on Solana | APY: 618.63% | TVL: $161,644 | Pair: ['Ecdhchvp9iXDonGebSjetG2Z33utixu4gtFHnbadNBqm', 'So11111111111111111111111111111111111111112']
raydium-amm on Solana | APY: 116.89% | TVL: $161,637 | Pair: ['ECnFhc3ezHL6M8yqtAg7Wrz3NiDec6pBKMizgocGkAWb', 'So11111111111111111111111111111111111111112']
raydium-amm on Solana | APY: 105.08% | TVL: $159,705 | Pair: ['BpWe8xjFSUg7ekJv4uvCUss9TNm4baupKnAUvEFyTQhE', 'So11111111111111111111111111111111111111112']
raydium-amm on Solana | APY: 589.76% | TVL: $159,305 | Pair: ['4jCeHwaTdyAy1Y8XpB5CTGi1HLo8UiZ76JUY2ndibzGM', 'So11111111111111111111111111111111111111112']
raydium-amm on Solana | APY: 291.68% | TVL: $158,478 | Pair: ['qeu7bM5459LdsboY1jA53R5ngyU8na94uu29v1v4Edx', 'So11111111111111111111111111111111111111112']
raydium-amm on Solana | APY: 596.19% | TVL: $157,770 | Pair: ['DYTQdsPmWFMN7wPPh627NfqaMWiXesZDz6461PGM7cWn', 'So11111111111111111111111111111111111111112']
raydium-amm on Solana | APY: 198.94% | TVL: $157,587 | Pair: ['4uPH8quGop9xJKNTXyihWnzr3rPoe7S7dvkVaXEtygDK', 'So11111111111111111111111111111111111111112']
uniswap-v4 on Ethereum | APY: 204.86481% | TVL: $156,658 | Pair: ['0x98c23e9d8f34fefb1b7bd6a91b7ff122f4e16f5c', '0xa0b86991c6218b36c1d19d4a2e9eb0ce3606eb48']
uniswap-v4 on Base | APY: 6901.29713% | TVL: $156,391 | Pair: ['0x4200000000000000000000000000000000000006', '0xa48a65afb5cc72fd49db07747e90f63364426492']
uniswap-v4 on Arbitrum | APY: 11312.74096% | TVL: $156,340 | Pair: ['0x0c1c1c109fe34733fca54b82d7b46b75cfb71f6e', '0xaf88d065e77c8cc2239327c5edb3a432268e5831']
raydium-amm on Solana | APY: 284.36% | TVL: $156,221 | Pair: ['Fips3MgSg4ET9YvUUZWP8Kifye4LiQQWyB4LyRTJXCGz', 'So11111111111111111111111111111111111111112']
raydium-amm on Solana | APY: 302.86% | TVL: $156,171 | Pair: ['ARqu3jvEszvn4b9MF9BTSmjYkmzm3mq5QxrpExN5SsgM', 'So11111111111111111111111111111111111111112']
orca-dex on Solana | APY: 132.61801% | TVL: $155,709 | Pair: ['7JA5eZdCzztSfQbJvS8aVVxMFfd81Rs9VvwnocV1mKHu', 'EPjFWdd5AufqSSqeM2qN1xzybapC8G4wEGGkZwyTDt1v']
raydium-amm on Solana | APY: 644.99% | TVL: $155,599 | Pair: ['Gi8ddENju5u2BCXuZkmH1GhKZ9fDX2eeFxQhM9YS2x2C', 'So11111111111111111111111111111111111111112']
raydium-amm on Solana | APY: 129.49% | TVL: $155,426 | Pair: ['7wf2wFRSripeNntE35mNN23LRcSEv5o5JHv1dNR5xZJq', 'So11111111111111111111111111111111111111112']
raydium-amm on Solana | APY: 241.26% | TVL: $155,291 | Pair: ['DRX6SHbetF7McJrC2VmNBhjffhpnEAbdYDSAnmKGWLzU', 'So11111111111111111111111111111111111111112']
raydium-amm on Solana | APY: 338.32% | TVL: $154,660 | Pair: ['Fe6FGYSQmL8uiowkjZvMvPdzovazMKbd6e4vCCQQ5Tri', 'So11111111111111111111111111111111111111112']
aerodrome-slipstream on Base | APY: 145.91617% | TVL: $153,827 | Pair: ['0x590830dFDf9A3F68aFCDdE2694773dEBDF267774', '0x833589fCD6eDb6E08f4c7C32D4f71b54bdA02913']
raydium-amm on Solana | APY: 172.51% | TVL: $153,420 | Pair: ['FJAaAewbmXGXN6UY2Et9v9YnmpUTGbtHCUePFCFwYCL8', 'So11111111111111111111111111111111111111112']
uniswap-v4 on Ethereum | APY: 467.62667% | TVL: $152,278 | Pair: ['0x0000000000000000000000000000000000000000', '0x44b28991b167582f18ba0259e0173176ca125505']
raydium-amm on Solana | APY: 295.19% | TVL: $151,242 | Pair: ['39umNk9oxpEgu4vsxrM6rCu1vLi5HkjtKvEmSbXYEdiu', 'So11111111111111111111111111111111111111112']
raydium-amm on Solana | APY: 106.93% | TVL: $150,800 | Pair: ['8iFCFduopD3BLBdrcCsJm6qE1YNNggsR4hpT4fQa1s7a', 'So11111111111111111111111111111111111111112']
uniswap-v4 on Base | APY: 2982.89392% | TVL: $150,773 | Pair: ['0x4200000000000000000000000000000000000006', '0x8dd4163faf208dfa56847f82de05dce8932508a6']
uniswap-v4 on Base | APY: 12816.64069% | TVL: $150,718 | Pair: ['0x1d0825063de146afbdba4b04519cf947a282cf89', '0x4200000000000000000000000000000000000006']
raydium-amm on Solana | APY: 160.49% | TVL: $150,326 | Pair: ['BVvCgpxRZ96Yd5RrRstWCo6LWnxb2jW9JEEQhpT7AJyQ', 'So11111111111111111111111111111111111111112']
aerodrome-slipstream on Base | APY: 208.13356% | TVL: $150,062 | Pair: ['0x4200000000000000000000000000000000000006', '0xFbB75A59193A3525a8825BeBe7D4b56899E2f7e1']
uniswap-v4 on Base | APY: 10722.87394% | TVL: $150,043 | Pair: ['0x4200000000000000000000000000000000000006', '0x691a01e54aafd566f2e682f14a4a47be1494d532']
uniswap-v4 on Base | APY: 8289.98227% | TVL: $149,052 | Pair: ['0x1698bb6688dec358924cba468376bd9740dd8036', '0x4200000000000000000000000000000000000006']
raydium-amm on Solana | APY: 196.98% | TVL: $149,011 | Pair: ['Db1MwsWsU6qzonab54m3BuP56Nww5H6f6w7LubWHKqAy', 'So11111111111111111111111111111111111111112']
raydium-amm on Solana | APY: 173.82% | TVL: $148,391 | Pair: ['6ubittFND1MPv4tQp8bg56uRJSSSb15JnArxPGD8JbKn', 'So11111111111111111111111111111111111111112']
uniswap-v4 on Base | APY: 4712.56493% | TVL: $147,848 | Pair: ['0x4200000000000000000000000000000000000006', '0xab71701d308298882672a533f0dd57fceb1e4c33']
raydium-amm on Solana | APY: 265.57% | TVL: $146,583 | Pair: ['BVdpxVYBFLvArDsCexeXLJ2VMURp7izixih2Yb14HgR3', 'So11111111111111111111111111111111111111112']
uniswap-v4 on Base | APY: 9878.04883% | TVL: $146,499 | Pair: ['0x4200000000000000000000000000000000000006', '0x570b0d2d73f999204ce19a93e6e74d7deee1fbeb']
uniswap-v4 on Base | APY: 8854.58612% | TVL: $145,180 | Pair: ['0x4200000000000000000000000000000000000006', '0xaecfca86a68dc492901f10b8f2ed83d4afa6a705']
raydium-amm on Solana | APY: 150.19% | TVL: $144,799 | Pair: ['2jaSY5ZDgtB9hGBjNjDviZVbhKe1JMthqbkfqyaPhWw6', 'So11111111111111111111111111111111111111112']
etherex-cl on Linea | APY: 198.55775% | TVL: $144,419 | Pair: ['0x1789e0043623282d5dcc7f213d703c6d8bafbb04', '0xe5d7c2a44ffddf6b295a15c148167daaaf5cf34f']
raydium-amm on Solana | APY: 232.97% | TVL: $143,804 | Pair: ['BQuX5KeZeVxsz1VwvzWRTGsx8Vo3HdV3C6vVY6GCQhC7', 'So11111111111111111111111111111111111111112']
raydium-amm on Solana | APY: 126.52% | TVL: $143,745 | Pair: ['BMYQBqebx9hK9QNWJTogj67WThJ4citWwoiCzyRwLoZ7', 'So11111111111111111111111111111111111111112']
aerodrome-slipstream on Base | APY: 1069.91236% | TVL: $142,291 | Pair: ['0x4200000000000000000000000000000000000006', '0x833589fCD6eDb6E08f4c7C32D4f71b54bdA02913']
uniswap-v4 on Base | APY: 1038.33575% | TVL: $142,235 | Pair: ['0x4200000000000000000000000000000000000006', '0x6e597f1f1bc340bc2d8652506b618d318c69e109']
uniswap-v4 on Base | APY: 8286.89251% | TVL: $142,189 | Pair: ['0x4200000000000000000000000000000000000006', '0x603042338d40f39773885f9a4e68122159f4f05a']
aerodrome-slipstream on Base | APY: 117.11225% | TVL: $141,637 | Pair: ['0x4200000000000000000000000000000000000006', '0x4E200fE2f3eFb977d5fd9c430A41531FB04d97B8']
uniswap-v4 on Base | APY: 3745.75457% | TVL: $141,297 | Pair: ['0x4200000000000000000000000000000000000006', '0xb5a7be992f7b05fa37d90896fe209b79d317882e']
uniswap-v4 on Base | APY: 2811.71496% | TVL: $139,872 | Pair: ['0x4200000000000000000000000000000000000006', '0x6ddb27242f38dd9cbdc70dab26a0c0fdfdc20db5']
uniswap-v2 on Ethereum | APY: 1257.17436% | TVL: $139,598 | Pair: ['0xc02aaa39b223fe8d0a0e5c4f27ead9083c756cc2', '0xcec8314cf4d448fbd3525696af045f13ccea7444']
uniswap-v4 on Base | APY: 168.28333% | TVL: $138,991 | Pair: ['0x0f16ec8df43d604f215b9e1e9a680aaa7d90f958', '0x4200000000000000000000000000000000000006']
uniswap-v4 on Base | APY: 7242.96907% | TVL: $138,660 | Pair: ['0x4200000000000000000000000000000000000006', '0xdbdc6a6c63b3f747048f25989812ddc61f56735f']
uniswap-v4 on Base | APY: 3659.71887% | TVL: $137,895 | Pair: ['0x4200000000000000000000000000000000000006', '0xc2075be8d14d2c9aca03655bbddc93a395dca355']
uniswap-v4 on Base | APY: 8219.64572% | TVL: $137,892 | Pair: ['0x4200000000000000000000000000000000000006', '0xf5c4b3e3c8f9b6643ddf9cb68f7b9a5efc2677a4']
uniswap-v4 on Ethereum | APY: 185.22811% | TVL: $137,469 | Pair: ['0x1f9840a85d5af5bf1d1762f925bdaddc4201f984', '0x7fc66500c84a76ad7e9c93437bfc5ac33e2ddae9']
aerodrome-slipstream on Base | APY: 230.25202% | TVL: $135,641 | Pair: ['0x1f16e03C1a5908818F47f6EE7bB16690b40D0671', '0x4200000000000000000000000000000000000006']
uniswap-v4 on Base | APY: 10871.36346% | TVL: $135,392 | Pair: ['0x4200000000000000000000000000000000000006', '0x9574eb90976624f81fe4ab0c7b0aa906c9db867b']
joe-v2.2 on Avalanche | APY: 142.50286% | TVL: $134,855 | Pair: ['0x26debd39d5ed069770406fca10a0e4f8d2c743eb', '0xb31f66aa3c1e785363f0875a1b74e27b85fd66c7']
astroport on Neutron | APY: 103.52914% | TVL: $134,622 | Pair: ['coingecko:usd-coin', 'coingecko:neutron-3']
uniswap-v4 on Base | APY: 4420.68899% | TVL: $133,013 | Pair: ['0x4200000000000000000000000000000000000006', '0x4f83883f4fb4dc5c475bd7d042890ac174a5a36a']
uniswap-v2 on Ethereum | APY: 103.12834% | TVL: $132,276 | Pair: ['0xc02aaa39b223fe8d0a0e5c4f27ead9083c756cc2', '0xe0151763455a8a021e64880c238ba1cff3787ff0']
uniswap-v4 on Base | APY: 5426.20215% | TVL: $131,717 | Pair: ['0x4200000000000000000000000000000000000006', '0x479fc7d0f107629dd936366bd9d112416da499ef']
raydium-amm on Solana | APY: 119.37% | TVL: $130,605 | Pair: ['So11111111111111111111111111111111111111112', '4eqCYVzf5wwUdey4VhThRc4eCyAL9khxkJ1myrprShV9']
uniswap-v4 on Ethereum | APY: 1751.3039% | TVL: $130,519 | Pair: ['0x0000000000000000000000000000000000000000', '0xa1290d69c65a6fe4df752f95823fae25cb99e5a7']
uniswap-v4 on Base | APY: 4412.55574% | TVL: $130,044 | Pair: ['0x4200000000000000000000000000000000000006', '0x90afe0c8076c0363b6c95bb5abe22d93467407f7']
raydium-amm on Solana | APY: 595.62% | TVL: $129,901 | Pair: ['HuuYvSpd9mVibDsNyjs2rHj3wYEeEKsZkz6BDne3rhJM', 'So11111111111111111111111111111111111111112']
uniswap-v4 on Base | APY: 5032.16564% | TVL: $129,500 | Pair: ['0x4200000000000000000000000000000000000006', '0x525461d5ef0d1abfbfd92760bdc526e1c0189ba1']
uniswap-v4 on Base | APY: 9213.20192% | TVL: $129,459 | Pair: ['0x1cab17eb4e48c1a6661a6352024a3b8891012733', '0x4200000000000000000000000000000000000006']
clober-v2 on Monad | APY: 103.49786% | TVL: $128,797 | Pair: ['0x754704Bc059F8C67012fEd69BC8A327a5aafb603', '0x0000000000000000000000000000000000000000']
uniswap-v4 on Base | APY: 7328.88393% | TVL: $128,581 | Pair: ['0x4200000000000000000000000000000000000006', '0x548cca8a0bbf7c21dc2dde09cac5f5af81fdda0f']
supernova-cl on Ethereum | APY: 706.22257% | TVL: $128,462 | Pair: ['0x514910771af9ca656af840dff83e8264ecf986ca', '0xc02aaa39b223fe8d0a0e5c4f27ead9083c756cc2']
uniswap-v4 on Ethereum | APY: 233.05481% | TVL: $128,021 | Pair: ['0xa0b86991c6218b36c1d19d4a2e9eb0ce3606eb48', '0xb0076de78dc50581770bba1d211ddc0ad4f2a241']
uniswap-v4 on Base | APY: 155.24293% | TVL: $127,334 | Pair: ['0x18278c6899fd3b5aa6ab46efe275607b0feb2fbe', '0x4200000000000000000000000000000000000006']
uniswap-v3 on Ethereum | APY: 154.55784% | TVL: $126,859 | Pair: ['0x7a58c0be72be218b41c608b7fe7c5bb630736c71', '0xc02aaa39b223fe8d0a0e5c4f27ead9083c756cc2']
uniswap-v2 on Ethereum | APY: 114.37036% | TVL: $126,604 | Pair: ['0x6b89b97169a797d94f057f4a0b01e2ca303155e4', '0xc02aaa39b223fe8d0a0e5c4f27ead9083c756cc2']
uniswap-v4 on Base | APY: 5276.30478% | TVL: $126,318 | Pair: ['0x4200000000000000000000000000000000000006', '0xbf3f6b7937050dc4450eb1a14cc4f4f33da9f628']
uniswap-v3 on Ethereum | APY: 101.63556% | TVL: $125,483 | Pair: ['0x812ba41e071c7b7fa4ebcfb62df5f45f6fa853ee', '0xc02aaa39b223fe8d0a0e5c4f27ead9083c756cc2']
raydium-amm on Solana | APY: 110.91736% | TVL: $125,433 | Pair: ['goodX4LG92UAcRdFRUykfP2fAfzQAVttrToEPxtxSkp', 'EPjFWdd5AufqSSqeM2qN1xzybapC8G4wEGGkZwyTDt1v']
orca-dex on Solana | APY: 125.23635% | TVL: $125,152 | Pair: ['So11111111111111111111111111111111111111112', '3jUf2RTyXp867piSB2dt8uUcNiLDW58asjGtXkRAkBbe']
uniswap-v4 on Base | APY: 5691.17249% | TVL: $124,532 | Pair: ['0x4200000000000000000000000000000000000006', '0x54fc8a3e2e76aff87c20226b10d7f84e1530cb81']
uniswap-v4 on Base | APY: 1234.56003% | TVL: $124,464 | Pair: ['0x1fce0c96b01c9fc814762d3e2d990fb946e1aec4', '0x4200000000000000000000000000000000000006']
gmx-v2-perps on Arbitrum | APY: 201.56201% | TVL: $123,820 | Pair: ['0x2f2a2543B76A4166549F7aaB2e75Bef0aefC5B0f', '0xaf88d065e77c8cC2239327C5EDb3A432268e5831']
uniswap-v4 on Base | APY: 687.38491% | TVL: $123,528 | Pair: ['0x4200000000000000000000000000000000000006', '0x4adbfd7747a76aeb01ae728480265c0191a3414d']
uniswap-v4 on Base | APY: 12898.92801% | TVL: $123,335 | Pair: ['0x4200000000000000000000000000000000000006', '0xf47c03ec8aac97a7650ae433fc8dc678e3817081']
uniswap-v4 on Base | APY: 4265.20847% | TVL: $122,431 | Pair: ['0x4200000000000000000000000000000000000006', '0x8239444f089f4d9109e504bedbbd42252fee812b']
uniswap-v4 on Base | APY: 505.05496% | TVL: $122,100 | Pair: ['0x4200000000000000000000000000000000000006', '0x62abe92f50c518165a5c010fe59f35023197fba3']
uniswap-v2 on Ethereum | APY: 156.12661% | TVL: $121,179 | Pair: ['0xc02aaa39b223fe8d0a0e5c4f27ead9083c756cc2', '0xe09fb60e8d6e7e1cebbe821bd5c3fc67a40f86bf']
uniswap-v4 on Ethereum | APY: 369.85147% | TVL: $120,742 | Pair: ['0x0000000000000000000000000000000000000000', '0x0d438f3b5175bebc262bf23753c1e53d03432bde']
uniswap-v2 on Ethereum | APY: 158.28174% | TVL: $120,618 | Pair: ['0x2b566950ba2298acef3c730cc0129b2f4fbd30a3', '0xc02aaa39b223fe8d0a0e5c4f27ead9083c756cc2']
uniswap-v4 on Base | APY: 2025.92586% | TVL: $120,374 | Pair: ['0x370561928f33b1a3c40b20e193d4991fcd23cecd', '0x4200000000000000000000000000000000000006']
uniswap-v4 on Base | APY: 6854.34209% | TVL: $120,072 | Pair: ['0x4200000000000000000000000000000000000006', '0xa5f4827568c0e93551a1f36fdbddbfe674c48c50']
cetus-clmm on Sui | APY: 127.0318% | TVL: $120,067 | Pair: ['0x356a26eb9e012a68958082340d4c4116e7f55615cf27affcff209cf0ae544f59::wal::WAL', '0x0000000000000000000000000000000000000000000000000000000000000002::sui::SUI']
uniswap-v4 on Base | APY: 148.77851% | TVL: $119,871 | Pair: ['0x4200000000000000000000000000000000000006', '0x5bb590d060a55ab59339c92e9d12809ced950610']
supernova-cl on Ethereum | APY: 2247.59638% | TVL: $119,796 | Pair: ['0xdac17f958d2ee523a2206206994597c13d831ec7', '0xe53ec727dbdeb9e2d5456c3be40cff031ab40a55']
uniswap-v4 on Base | APY: 3608.08713% | TVL: $118,820 | Pair: ['0x342e79b077a6a043218fefe032c927998961609b', '0x4200000000000000000000000000000000000006']
aerodrome-slipstream on Base | APY: 456.70409% | TVL: $117,924 | Pair: ['0x833589fCD6eDb6E08f4c7C32D4f71b54bdA02913', '0xcD2F22236DD9Dfe2356D7C543161D4d260FD9BcB']
supernova-cl on Ethereum | APY: 755.18094% | TVL: $117,279 | Pair: ['0x68749665ff8d2d112fa859aa293f07a622782f38', '0xdac17f958d2ee523a2206206994597c13d831ec7']
uniswap-v3 on Arbitrum | APY: 109.04699% | TVL: $116,413 | Pair: ['0x82af49447d8a07e3bd95bd0d56f35241523fbab1', '0xfc5a1a6eb076a2c7ad06ed22c90d7e710e35ad0a']
uniswap-v2 on Ethereum | APY: 125.98733% | TVL: $116,377 | Pair: ['0x9fd9278f04f01c6a39a9d1c1cd79f7782c6ade08', '0xc02aaa39b223fe8d0a0e5c4f27ead9083c756cc2']
aerodrome-slipstream on Base | APY: 245.77101% | TVL: $115,802 | Pair: ['0x4200000000000000000000000000000000000006', '0xeF4461891DfB3AC8572cCf7C794664A8DD927945']
uniswap-v4 on Base | APY: 6082.42698% | TVL: $115,445 | Pair: ['0x285188ec41875caaec172845da8ee344bdf00539', '0x4200000000000000000000000000000000000006']
uniswap-v4 on Base | APY: 140.34391% | TVL: $115,028 | Pair: ['0x4200000000000000000000000000000000000006', '0xcb600606828bec69cc7af223a197bbbf9dc6d502']
raydium-amm on Solana | APY: 1340.4% | TVL: $114,859 | Pair: ['So11111111111111111111111111111111111111112', '8WNxktTvmgzjuvrQFktakMapSEPPyGJjoWTsHD97pump']
aerodrome-slipstream on Base | APY: 741.69341% | TVL: $114,398 | Pair: ['0x833589fCD6eDb6E08f4c7C32D4f71b54bdA02913', '0xaaa843fb2916c0B57454270418E121C626402AAa']
uniswap-v2 on Ethereum | APY: 152.39008% | TVL: $114,157 | Pair: ['0x7c9f94a79b6b859dfb1d3312fc2311b39f89c677', '0xc02aaa39b223fe8d0a0e5c4f27ead9083c756cc2']
uniswap-v4 on Base | APY: 5246.84677% | TVL: $114,104 | Pair: ['0x4200000000000000000000000000000000000006', '0x7ca8eef7e0aafb7113fda2daf9a5d024ee09c88a']
uniswap-v4 on Base | APY: 626.35194% | TVL: $113,670 | Pair: ['0x0000000000000000000000000000000000000000', '0x1aa8fd5bcce2231c6100d55bf8b377cff33acfc3']
uniswap-v4 on Base | APY: 8066.29869% | TVL: $113,557 | Pair: ['0x4200000000000000000000000000000000000006', '0xc7c2a63bef954cda00773fe81f85d1ea29cdc73e']
uniswap-v4 on Base | APY: 8148.83213% | TVL: $113,315 | Pair: ['0x4200000000000000000000000000000000000006', '0x9c14825f42ea890eacad69854d091ccffc05b20d']
uniswap-v2 on Base | APY: 100.98826% | TVL: $112,882 | Pair: ['0x4200000000000000000000000000000000000006', '0xf57f80e913a9fc3d0846a26bd4c2eb4a3c9f4346']
uniswap-v2 on Ethereum | APY: 147.53165% | TVL: $112,718 | Pair: ['0xc02aaa39b223fe8d0a0e5c4f27ead9083c756cc2', '0xf816507e690f5aa4e29d164885eb5fa7a5627860']
uniswap-v4 on Base | APY: 6430.95806% | TVL: $112,593 | Pair: ['0x4200000000000000000000000000000000000006', '0xda7ce15b6809602dee6825ccb41a042a49728e4f']
uniswap-v2 on Ethereum | APY: 301.1738% | TVL: $112,172 | Pair: ['0x81db1949d0e888557bc632f7c0f6698b1f8c9106', '0xc02aaa39b223fe8d0a0e5c4f27ead9083c756cc2']
uniswap-v4 on Base | APY: 1353.68313% | TVL: $112,144 | Pair: ['0x4200000000000000000000000000000000000006', '0x52b4ad363d1e82ee283e5199c249f976c3fd7346']
uniswap-v4 on Base | APY: 5977.57592% | TVL: $112,080 | Pair: ['0x4200000000000000000000000000000000000006', '0xc4aa35503ad79d9551f9349257d3a32c5757f5c6']
blackhole-clmm on Avalanche | APY: 491.96781% | TVL: $111,540 | Pair: ['0x9702230a8ea53601f5cd2dc00fdbc13d4df4a8c7', '0xb31f66aa3c1e785363f0875a1b74e27b85fd66c7']
uniswap-v4 on Base | APY: 2227.86262% | TVL: $111,061 | Pair: ['0x4200000000000000000000000000000000000006', '0x9f9cce230a7a4dcd900c2173bd17eb6fa1330c3a']
uniswap-v4 on Base | APY: 5078.00393% | TVL: $110,466 | Pair: ['0x4200000000000000000000000000000000000006', '0x8a654c6d03beac72e0a6237f837994e0c816df53']
uniswap-v4 on Base | APY: 8167.34925% | TVL: $110,297 | Pair: ['0x4200000000000000000000000000000000000006', '0x9287839902fc63c67b3c288149b09c0cb610d3a2']
uniswap-v4 on Base | APY: 555.47088% | TVL: $109,103 | Pair: ['0x4200000000000000000000000000000000000006', '0xccd1a241bb767fb11b6ad2fda4672da84e67eee5']
uniswap-v4 on Base | APY: 5011.32962% | TVL: $109,073 | Pair: ['0x4200000000000000000000000000000000000006', '0x80bc5762ae791ef936ae18a606a10e3485b18a09']
uniswap-v4 on Base | APY: 386.98035% | TVL: $108,650 | Pair: ['0x00cb1fbca324d51325a7264d54072bc073c28ba3', '0x4200000000000000000000000000000000000006']
uniswap-v4 on Ethereum | APY: 148.55405% | TVL: $107,501 | Pair: ['0x0000000000000000000000000000000000000000', '0xb72e76ccf005313868db7b48070901a44629da98']
aerodrome-slipstream on Base | APY: 5298.30563% | TVL: $106,827 | Pair: ['0x833589fCD6eDb6E08f4c7C32D4f71b54bdA02913', '0xa749dE6c28262B7ffbc5De27dC845DD7eCD2b358']
hyperion on Aptos | APY: 125.77904% | TVL: $106,332 | Pair: ['0x68844a0d7f2587e726ad0579f3d640865bb4162c08a4589eeda3f9689ec52a3d', '0xbae207659db88bea0cbead6da0ed00aac12edcdda169e591cd41c94180b46f3b']
uniswap-v4 on Base | APY: 678.81577% | TVL: $106,184 | Pair: ['0x4200000000000000000000000000000000000006', '0xffc2d30150e3c918eda01968b8e75c7d1f9f715d']
blackhole-clmm on Avalanche | APY: 1793.38232% | TVL: $106,066 | Pair: ['0xb31f66aa3c1e785363f0875a1b74e27b85fd66c7', '0xb97ef9ef8734c71904d8002f8b6bc66dd9c48a6e']
uniswap-v4 on Ethereum | APY: 275.02901% | TVL: $105,184 | Pair: ['0x0000000000000000000000000000000000000000', '0x249130f5e2dd4cf278180c0df8273f3592ad1247']
uniswap-v2 on Ethereum | APY: 112.37369% | TVL: $105,182 | Pair: ['0x282a69142bac47855c3fbe1693fcc4ba3b4d5ed6', '0xa0b86991c6218b36c1d19d4a2e9eb0ce3606eb48']
gmx-v2-perps on Arbitrum | APY: 191.39969% | TVL: $105,018 | Pair: ['0x82aF49447D8a07e3bd95BD0d56f35241523fBab1', '0xaf88d065e77c8cC2239327C5EDb3A432268e5831']
uniswap-v4 on Ethereum | APY: 164.26295% | TVL: $103,544 | Pair: ['0x0000000000000000000000000000000000000000', '0x4d5f47fa6a74757f35c14fd3a6ef8e3c9bc514e8']
uniswap-v4 on Base | APY: 685.13554% | TVL: $103,347 | Pair: ['0x4200000000000000000000000000000000000006', '0xe76bbbd0ef27db027d45ea88ec116c77fde522e1']
uniswap-v2 on Base | APY: 140.39396% | TVL: $102,538 | Pair: ['0x833589fcd6edb6e08f4c7c32d4f71b54bda02913', '0xaedea0a23a73a2371a98430051d3784b5bccbbf9']
uniswap-v4 on Ethereum | APY: 181.76732% | TVL: $100,264 | Pair: ['0xa0b86991c6218b36c1d19d4a2e9eb0ce3606eb48', '0xf280b16ef293d8e534e370794ef26bf312694126']
raydium-amm on Solana | APY: 251.41% | TVL: $100,233 | Pair: ['So11111111111111111111111111111111111111112', 'jY2knjWQrx7dnPtM6xAqzBTyxeCn35iUuK2YJu1fQdo']
uniswap-v3 on Ethereum | APY: 102.88351% | TVL: $100,141 | Pair: ['0xb98d4c97425d9908e66e53a6fdf673acca0be986', '0xc02aaa39b223fe8d0a0e5c4f27ead9083c756cc2']
