2026-04-22 15:36:12,131 - INFO - 💾 State loaded: $5.0001 on arbitrum
2026-04-22 15:36:12,133 - INFO - 🦅 PREDATOR MODE STARTING. Capital: $5.00007549
2026-04-22 15:36:12,133 - INFO - --- 📡 PREDATOR SCAN (Current: arbitrum | Balance: $5.0001) ---
2026-04-22 15:36:12,133 - INFO - 📡 Scanning yields for 6 chains...
2026-04-22 15:36:18,382 - WARNING - ⚠️ No safe opportunities found. Staying in Cash.
2026-04-22 15:51:18,571 - INFO - --- 📡 PREDATOR SCAN (Current: arbitrum | Balance: $5.0001) ---
2026-04-22 15:51:18,594 - INFO - 📡 Scanning yields for 6 chains...
2026-04-22 15:51:35,564 - WARNING - ⚠️ No safe opportunities found. Staying in Cash.
2026-04-22 16:06:35,748 - INFO - --- 📡 PREDATOR SCAN (Current: arbitrum | Balance: $5.0001) ---
2026-04-22 16:06:35,763 - INFO - 📡 Scanning yields for 6 chains...
2026-04-22 16:06:56,673 - WARNING - ⚠️ No safe opportunities found. Staying in Cash.
2026-04-22 16:21:56,843 - INFO - --- 📡 PREDATOR SCAN (Current: arbitrum | Balance: $5.0001) ---
2026-04-22 16:21:56,880 - INFO - 📡 Scanning yields for 6 chains...
2026-04-22 16:22:00,581 - WARNING - ⚠️ No safe opportunities found. Staying in Cash.
2026-04-22 16:37:00,762 - INFO - --- 📡 PREDATOR SCAN (Current: arbitrum | Balance: $5.0001) ---
2026-04-22 16:37:00,797 - INFO - 📡 Scanning yields for 6 chains...
2026-04-22 16:37:04,375 - WARNING - ⚠️ No safe opportunities found. Staying in Cash.
2026-04-22 16:52:04,563 - INFO - --- 📡 PREDATOR SCAN (Current: arbitrum | Balance: $5.0001) ---
2026-04-22 16:52:04,584 - INFO - 📡 Scanning yields for 6 chains...
2026-04-22 16:52:09,860 - WARNING - ⚠️ No safe opportunities found. Staying in Cash.
2026-04-22 17:07:10,053 - INFO - --- 📡 PREDATOR SCAN (Current: arbitrum | Balance: $5.0001) ---
2026-04-22 17:07:10,081 - INFO - 📡 Scanning yields for 6 chains...
2026-04-22 17:07:16,304 - WARNING - ⚠️ No safe opportunities found. Staying in Cash.
2026-04-22 17:22:16,515 - INFO - --- 📡 PREDATOR SCAN (Current: arbitrum | Balance: $5.0001) ---
2026-04-22 17:22:16,533 - INFO - 📡 Scanning yields for 6 chains...
2026-04-22 17:22:20,173 - WARNING - ⚠️ No safe opportunities found. Staying in Cash.
2026-04-22 17:37:20,344 - INFO - --- 📡 PREDATOR SCAN (Current: arbitrum | Balance: $5.0001) ---
2026-04-22 17:37:20,375 - INFO - 📡 Scanning yields for 6 chains...
2026-04-22 17:37:24,411 - WARNING - ⚠️ No safe opportunities found. Staying in Cash.
2026-04-22 17:52:24,608 - INFO - --- 📡 PREDATOR SCAN (Current: arbitrum | Balance: $5.0001) ---
2026-04-22 17:52:24,639 - INFO - 📡 Scanning yields for 6 chains...
2026-04-22 17:52:27,833 - WARNING - ⚠️ No safe opportunities found. Staying in Cash.
2026-04-22 18:07:28,059 - INFO - --- 📡 PREDATOR SCAN (Current: arbitrum | Balance: $5.0001) ---
2026-04-22 18:07:28,082 - INFO - 📡 Scanning yields for 6 chains...
2026-04-22 18:07:30,832 - WARNING - ⚠️ No safe opportunities found. Staying in Cash.
2026-04-22 18:22:30,984 - INFO - --- 📡 PREDATOR SCAN (Current: arbitrum | Balance: $5.0001) ---
2026-04-22 18:22:31,011 - INFO - 📡 Scanning yields for 6 chains...
2026-04-22 18:22:38,043 - WARNING - ⚠️ No safe opportunities found. Staying in Cash.
2026-04-22 18:37:38,321 - INFO - --- 📡 PREDATOR SCAN (Current: arbitrum | Balance: $5.0001) ---
2026-04-22 18:37:38,344 - INFO - 📡 Scanning yields for 6 chains...
2026-04-22 18:37:40,983 - WARNING - ⚠️ No safe opportunities found. Staying in Cash.
2026-04-22 18:52:41,178 - INFO - --- 📡 PREDATOR SCAN (Current: arbitrum | Balance: $5.0001) ---
2026-04-22 18:52:41,207 - INFO - 📡 Scanning yields for 6 chains...
2026-04-22 18:52:45,766 - WARNING - ⚠️ No safe opportunities found. Staying in Cash.
2026-04-22 19:07:45,988 - INFO - --- 📡 PREDATOR SCAN (Current: arbitrum | Balance: $5.0001) ---
2026-04-22 19:07:46,017 - INFO - 📡 Scanning yields for 6 chains...
2026-04-22 19:07:50,411 - WARNING - ⚠️ No safe opportunities found. Staying in Cash.
2026-04-22 19:22:50,593 - INFO - --- 📡 PREDATOR SCAN (Current: arbitrum | Balance: $5.0001) ---
2026-04-22 19:22:50,611 - INFO - 📡 Scanning yields for 6 chains...
2026-04-22 19:22:55,006 - WARNING - ⚠️ No safe opportunities found. Staying in Cash.
2026-04-22 19:37:55,222 - INFO - --- 📡 PREDATOR SCAN (Current: arbitrum | Balance: $5.0001) ---
2026-04-22 19:37:55,248 - INFO - 📡 Scanning yields for 6 chains...
2026-04-22 19:37:57,682 - WARNING - ⚠️ No safe opportunities found. Staying in Cash.
2026-04-22 19:52:57,908 - INFO - --- 📡 PREDATOR SCAN (Current: arbitrum | Balance: $5.0001) ---
2026-04-22 19:52:57,931 - INFO - 📡 Scanning yields for 6 chains...
2026-04-22 19:53:00,963 - WARNING - ⚠️ No safe opportunities found. Staying in Cash.
2026-04-22 20:08:01,172 - INFO - --- 📡 PREDATOR SCAN (Current: arbitrum | Balance: $5.0001) ---
2026-04-22 20:08:01,225 - INFO - 📡 Scanning yields for 6 chains...
2026-04-22 20:08:07,782 - WARNING - ⚠️ No safe opportunities found. Staying in Cash.
2026-04-22 20:23:08,008 - INFO - --- 📡 PREDATOR SCAN (Current: arbitrum | Balance: $5.0001) ---
2026-04-22 20:23:08,021 - INFO - 📡 Scanning yields for 6 chains...
2026-04-22 20:23:10,598 - WARNING - ⚠️ No safe opportunities found. Staying in Cash.
2026-04-22 20:38:10,793 - INFO - --- 📡 PREDATOR SCAN (Current: arbitrum | Balance: $5.0001) ---
2026-04-22 20:38:10,822 - INFO - 📡 Scanning yields for 6 chains...
2026-04-22 20:38:13,674 - WARNING - ⚠️ No safe opportunities found. Staying in Cash.
2026-04-22 20:53:13,859 - INFO - --- 📡 PREDATOR SCAN (Current: arbitrum | Balance: $5.0001) ---
2026-04-22 20:53:13,882 - INFO - 📡 Scanning yields for 6 chains...
2026-04-22 20:53:16,885 - WARNING - ⚠️ No safe opportunities found. Staying in Cash.
2026-04-22 21:08:17,030 - INFO - --- 📡 PREDATOR SCAN (Current: arbitrum | Balance: $5.0001) ---
2026-04-22 21:08:17,045 - INFO - 📡 Scanning yields for 6 chains...
2026-04-22 21:08:19,735 - WARNING - ⚠️ No safe opportunities found. Staying in Cash.
2026-04-22 21:23:19,934 - INFO - --- 📡 PREDATOR SCAN (Current: arbitrum | Balance: $5.0001) ---
2026-04-22 21:23:19,975 - INFO - 📡 Scanning yields for 6 chains...
2026-04-22 21:23:22,819 - WARNING - ⚠️ No safe opportunities found. Staying in Cash.
2026-04-22 21:38:22,935 - INFO - --- 📡 PREDATOR SCAN (Current: arbitrum | Balance: $5.0001) ---
2026-04-22 21:38:22,953 - INFO - 📡 Scanning yields for 6 chains...
2026-04-22 21:38:25,950 - WARNING - ⚠️ No safe opportunities found. Staying in Cash.
2026-04-22 21:53:26,148 - INFO - --- 📡 PREDATOR SCAN (Current: arbitrum | Balance: $5.0001) ---
2026-04-22 21:53:26,177 - INFO - 📡 Scanning yields for 6 chains...
2026-04-22 21:53:29,194 - WARNING - ⚠️ No safe opportunities found. Staying in Cash.
2026-04-22 22:08:29,341 - INFO - --- 📡 PREDATOR SCAN (Current: arbitrum | Balance: $5.0001) ---
2026-04-22 22:08:29,355 - INFO - 📡 Scanning yields for 6 chains...
2026-04-22 22:08:32,096 - WARNING - ⚠️ No safe opportunities found. Staying in Cash.
2026-04-22 22:23:32,306 - INFO - --- 📡 PREDATOR SCAN (Current: arbitrum | Balance: $5.0001) ---
2026-04-22 22:23:32,342 - INFO - 📡 Scanning yields for 6 chains...
2026-04-22 22:23:35,239 - WARNING - ⚠️ No safe opportunities found. Staying in Cash.
2026-04-22 22:38:35,383 - INFO - --- 📡 PREDATOR SCAN (Current: arbitrum | Balance: $5.0001) ---
2026-04-22 22:38:35,385 - INFO - 📡 Scanning yields for 6 chains...
2026-04-22 22:38:38,105 - WARNING - ⚠️ No safe opportunities found. Staying in Cash.
2026-04-22 23:04:10,424 - INFO - --- 📡 PREDATOR SCAN (Current: arbitrum | Balance: $5.0001) ---
2026-04-22 23:04:10,464 - INFO - 📡 Scanning yields for 6 chains...
2026-04-22 23:04:13,655 - WARNING - ⚠️ No safe opportunities found. Staying in Cash.
2026-04-22 23:19:13,852 - INFO - --- 📡 PREDATOR SCAN (Current: arbitrum | Balance: $5.0001) ---
2026-04-22 23:19:13,886 - INFO - 📡 Scanning yields for 6 chains...
2026-04-22 23:19:16,744 - WARNING - ⚠️ No safe opportunities found. Staying in Cash.
2026-04-22 23:34:16,922 - INFO - --- 📡 PREDATOR SCAN (Current: arbitrum | Balance: $5.0001) ---
2026-04-22 23:34:16,947 - INFO - 📡 Scanning yields for 6 chains...
2026-04-22 23:34:19,851 - WARNING - ⚠️ No safe opportunities found. Staying in Cash.
2026-04-22 23:49:20,048 - INFO - --- 📡 PREDATOR SCAN (Current: arbitrum | Balance: $5.0001) ---
2026-04-22 23:49:20,077 - INFO - 📡 Scanning yields for 6 chains...
2026-04-22 23:49:23,124 - WARNING - ⚠️ No safe opportunities found. Staying in Cash.
2026-04-23 00:07:42,802 - INFO - --- 📡 PREDATOR SCAN (Current: arbitrum | Balance: $5.0001) ---
2026-04-23 00:07:42,837 - INFO - 📡 Scanning yields for 6 chains...
2026-04-23 00:07:46,037 - WARNING - ⚠️ No safe opportunities found. Staying in Cash.
2026-04-23 00:22:46,185 - INFO - --- 📡 PREDATOR SCAN (Current: arbitrum | Balance: $5.0001) ---
2026-04-23 00:22:46,199 - INFO - 📡 Scanning yields for 6 chains...
2026-04-23 00:22:49,441 - WARNING - ⚠️ No safe opportunities found. Staying in Cash.
2026-04-23 00:37:49,651 - INFO - --- 📡 PREDATOR SCAN (Current: arbitrum | Balance: $5.0001) ---
2026-04-23 00:37:49,684 - INFO - 📡 Scanning yields for 6 chains...
2026-04-23 00:37:52,648 - WARNING - ⚠️ No safe opportunities found. Staying in Cash.
2026-04-23 00:52:52,821 - INFO - --- 📡 PREDATOR SCAN (Current: arbitrum | Balance: $5.0001) ---
2026-04-23 00:52:52,834 - INFO - 📡 Scanning yields for 6 chains...
2026-04-23 00:52:55,797 - WARNING - ⚠️ No safe opportunities found. Staying in Cash.
2026-04-23 01:14:20,774 - INFO - --- 📡 PREDATOR SCAN (Current: arbitrum | Balance: $5.0001) ---
2026-04-23 01:14:20,802 - INFO - 📡 Scanning yields for 6 chains...
2026-04-23 01:14:23,887 - WARNING - ⚠️ No safe opportunities found. Staying in Cash.
2026-04-23 01:29:24,033 - INFO - --- 📡 PREDATOR SCAN (Current: arbitrum | Balance: $5.0001) ---
2026-04-23 01:29:24,046 - INFO - 📡 Scanning yields for 6 chains...
2026-04-23 01:29:26,870 - WARNING - ⚠️ No safe opportunities found. Staying in Cash.
2026-04-23 01:44:27,083 - INFO - --- 📡 PREDATOR SCAN (Current: arbitrum | Balance: $5.0001) ---
2026-04-23 01:44:27,143 - INFO - 📡 Scanning yields for 6 chains...
2026-04-23 01:44:30,253 - WARNING - ⚠️ No safe opportunities found. Staying in Cash.
2026-04-23 01:59:30,451 - INFO - --- 📡 PREDATOR SCAN (Current: arbitrum | Balance: $5.0001) ---
2026-04-23 01:59:30,475 - INFO - 📡 Scanning yields for 6 chains...
2026-04-23 01:59:33,772 - WARNING - ⚠️ No safe opportunities found. Staying in Cash.
2026-04-23 02:14:33,954 - INFO - --- 📡 PREDATOR SCAN (Current: arbitrum | Balance: $5.0001) ---
2026-04-23 02:14:33,982 - INFO - 📡 Scanning yields for 6 chains...
2026-04-23 02:14:36,995 - WARNING - ⚠️ No safe opportunities found. Staying in Cash.
2026-04-23 02:29:37,161 - INFO - --- 📡 PREDATOR SCAN (Current: arbitrum | Balance: $5.0001) ---
2026-04-23 02:29:37,184 - INFO - 📡 Scanning yields for 6 chains...
2026-04-23 02:29:40,412 - WARNING - ⚠️ No safe opportunities found. Staying in Cash.
2026-04-23 02:44:40,612 - INFO - --- 📡 PREDATOR SCAN (Current: arbitrum | Balance: $5.0001) ---
2026-04-23 02:44:40,640 - INFO - 📡 Scanning yields for 6 chains...
2026-04-23 02:44:43,786 - WARNING - ⚠️ No safe opportunities found. Staying in Cash.
2026-04-23 02:59:43,932 - INFO - --- 📡 PREDATOR SCAN (Current: arbitrum | Balance: $5.0001) ---
2026-04-23 02:59:43,945 - INFO - 📡 Scanning yields for 6 chains...
2026-04-23 02:59:46,876 - WARNING - ⚠️ No safe opportunities found. Staying in Cash.
2026-04-23 03:14:47,041 - INFO - --- 📡 PREDATOR SCAN (Current: arbitrum | Balance: $5.0001) ---
2026-04-23 03:14:47,056 - INFO - 📡 Scanning yields for 6 chains...
2026-04-23 03:14:50,076 - WARNING - ⚠️ No safe opportunities found. Staying in Cash.
2026-04-23 03:29:50,288 - INFO - --- 📡 PREDATOR SCAN (Current: arbitrum | Balance: $5.0001) ---
2026-04-23 03:29:50,310 - INFO - 📡 Scanning yields for 6 chains...
2026-04-23 03:29:53,135 - WARNING - ⚠️ No safe opportunities found. Staying in Cash.
2026-04-23 03:44:53,334 - INFO - --- 📡 PREDATOR SCAN (Current: arbitrum | Balance: $5.0001) ---
2026-04-23 03:44:53,379 - INFO - 📡 Scanning yields for 6 chains...
2026-04-23 03:44:57,058 - WARNING - ⚠️ No safe opportunities found. Staying in Cash.
2026-04-23 03:59:57,250 - INFO - --- 📡 PREDATOR SCAN (Current: arbitrum | Balance: $5.0001) ---
2026-04-23 03:59:57,274 - INFO - 📡 Scanning yields for 6 chains...
2026-04-23 04:00:02,184 - WARNING - ⚠️ No safe opportunities found. Staying in Cash.
2026-04-23 04:15:02,384 - INFO - --- 📡 PREDATOR SCAN (Current: arbitrum | Balance: $5.0001) ---
2026-04-23 04:15:02,421 - INFO - 📡 Scanning yields for 6 chains...
2026-04-23 04:15:06,531 - WARNING - ⚠️ No safe opportunities found. Staying in Cash.
2026-04-23 04:33:53,919 - INFO - --- 📡 PREDATOR SCAN (Current: arbitrum | Balance: $5.0001) ---
2026-04-23 04:33:53,958 - INFO - 📡 Scanning yields for 6 chains...
2026-04-23 04:33:58,812 - WARNING - ⚠️ No safe opportunities found. Staying in Cash.
2026-04-23 04:49:34,736 - INFO - --- 📡 PREDATOR SCAN (Current: arbitrum | Balance: $5.0001) ---
2026-04-23 04:49:34,756 - INFO - 📡 Scanning yields for 6 chains...
2026-04-23 04:49:38,273 - WARNING - ⚠️ No safe opportunities found. Staying in Cash.
2026-04-23 05:04:38,456 - INFO - --- 📡 PREDATOR SCAN (Current: arbitrum | Balance: $5.0001) ---
2026-04-23 05:04:38,474 - INFO - 📡 Scanning yields for 6 chains...
2026-04-23 05:04:44,270 - WARNING - ⚠️ No safe opportunities found. Staying in Cash.
2026-04-23 05:19:44,509 - INFO - --- 📡 PREDATOR SCAN (Current: arbitrum | Balance: $5.0001) ---
2026-04-23 05:19:44,568 - INFO - 📡 Scanning yields for 6 chains...
2026-04-23 05:19:51,803 - WARNING - ⚠️ No safe opportunities found. Staying in Cash.
2026-04-23 05:34:52,143 - INFO - --- 📡 PREDATOR SCAN (Current: arbitrum | Balance: $5.0001) ---
2026-04-23 05:34:52,227 - INFO - 📡 Scanning yields for 6 chains...
2026-04-23 05:34:59,776 - WARNING - ⚠️ No safe opportunities found. Staying in Cash.
2026-04-23 05:50:00,020 - INFO - --- 📡 PREDATOR SCAN (Current: arbitrum | Balance: $5.0001) ---
2026-04-23 05:50:00,064 - INFO - 📡 Scanning yields for 6 chains...
2026-04-23 05:50:02,600 - WARNING - ⚠️ No safe opportunities found. Staying in Cash.
2026-04-23 06:11:30,428 - INFO - --- 📡 PREDATOR SCAN (Current: arbitrum | Balance: $5.0001) ---
2026-04-23 06:11:30,460 - INFO - 📡 Scanning yields for 6 chains...
2026-04-23 06:11:34,266 - WARNING - ⚠️ No safe opportunities found. Staying in Cash.
2026-04-23 06:31:45,879 - INFO - --- 📡 PREDATOR SCAN (Current: arbitrum | Balance: $5.0001) ---
2026-04-23 06:31:45,898 - INFO - 📡 Scanning yields for 6 chains...
2026-04-23 06:31:49,121 - WARNING - ⚠️ No safe opportunities found. Staying in Cash.
2026-04-23 06:46:49,262 - INFO - --- 📡 PREDATOR SCAN (Current: arbitrum | Balance: $5.0001) ---
2026-04-23 06:46:49,278 - INFO - 📡 Scanning yields for 6 chains...
2026-04-23 06:46:52,431 - WARNING - ⚠️ No safe opportunities found. Staying in Cash.
2026-04-23 07:01:52,614 - INFO - --- 📡 PREDATOR SCAN (Current: arbitrum | Balance: $5.0001) ---
2026-04-23 07:01:52,628 - INFO - 📡 Scanning yields for 6 chains...
2026-04-23 07:01:55,612 - WARNING - ⚠️ No safe opportunities found. Staying in Cash.
2026-04-23 07:16:55,846 - INFO - --- 📡 PREDATOR SCAN (Current: arbitrum | Balance: $5.0001) ---
2026-04-23 07:16:55,892 - INFO - 📡 Scanning yields for 6 chains...
2026-04-23 07:17:01,437 - WARNING - ⚠️ No safe opportunities found. Staying in Cash.
2026-04-23 07:32:01,714 - INFO - --- 📡 PREDATOR SCAN (Current: arbitrum | Balance: $5.0001) ---
2026-04-23 07:32:01,733 - INFO - 📡 Scanning yields for 6 chains...
2026-04-23 07:32:07,411 - WARNING - ⚠️ No safe opportunities found. Staying in Cash.
2026-04-23 07:50:18,581 - INFO - --- 📡 PREDATOR SCAN (Current: arbitrum | Balance: $5.0001) ---
2026-04-23 07:50:18,623 - INFO - 📡 Scanning yields for 6 chains...
2026-04-23 07:50:26,751 - WARNING - ⚠️ No safe opportunities found. Staying in Cash.
2026-04-23 08:08:20,261 - INFO - --- 📡 PREDATOR SCAN (Current: arbitrum | Balance: $5.0001) ---
2026-04-23 08:08:20,481 - INFO - 📡 Scanning yields for 6 chains...
2026-04-23 08:08:28,932 - WARNING - ⚠️ No safe opportunities found. Staying in Cash.
FO - 🎯 FOUND: aave-v3 on Arbitrum | APY: 7.3133% | TVL: $8,573,816
2026-04-23 02:01:00,773 - INFO - 📈 Virtual Growth: +$0.00001044 | Balance: $5.00048222
2026-04-23 02:16:00,915 - INFO - --- 📡 Scanning all pools for Aave ---
2026-04-23 02:16:00,928 - INFO - 📡 Scanning yields for 6 chains...
2026-04-23 02:16:03,553 - INFO - 🎯 FOUND: aave-v3 on Arbitrum | APY: 7.3133% | TVL: $8,573,816
2026-04-23 02:16:03,553 - INFO - 📈 Virtual Growth: +$0.00001044 | Balance: $5.00049266
2026-04-23 02:31:03,689 - INFO - --- 📡 Scanning all pools for Aave ---
2026-04-23 02:31:03,703 - INFO - 📡 Scanning yields for 6 chains...
2026-04-23 02:31:06,914 - INFO - 🎯 FOUND: aave-v3 on Arbitrum | APY: 6.53824% | TVL: $9,993,297
📡 Sending heartbeat to Supabase: aave-v3 (Arbitrum)...
2026-04-23 02:31:08,041 - INFO - HTTP Request: POST https://gfakwogvcdawtqawqlxo.supabase.co/rest/v1/heartbeat_logs "HTTP/2 201 Created"
✅ Supabase Log Success!
2026-04-23 02:31:08,105 - INFO - 📈 Virtual Growth: +$0.00000933 | Balance: $5.00050199
2026-04-23 02:46:08,270 - INFO - --- 📡 Scanning all pools for Aave ---
2026-04-23 02:46:08,283 - INFO - 📡 Scanning yields for 6 chains...
2026-04-23 02:46:11,624 - INFO - 🎯 FOUND: aave-v3 on Arbitrum | APY: 6.53824% | TVL: $9,993,297
2026-04-23 02:46:11,625 - INFO - 📈 Virtual Growth: +$0.00000933 | Balance: $5.00051132
2026-04-23 03:01:11,806 - INFO - --- 📡 Scanning all pools for Aave ---
2026-04-23 03:01:11,849 - INFO - 📡 Scanning yields for 6 chains...
2026-04-23 03:01:15,053 - INFO - 🎯 FOUND: aave-v3 on Arbitrum | APY: 6.53824% | TVL: $9,993,297
2026-04-23 03:01:15,053 - INFO - 📈 Virtual Growth: +$0.00000933 | Balance: $5.00052065
2026-04-23 03:16:15,186 - INFO - --- 📡 Scanning all pools for Aave ---
2026-04-23 03:16:15,201 - INFO - 📡 Scanning yields for 6 chains...
2026-04-23 03:16:18,338 - INFO - 🎯 FOUND: aave-v3 on Arbitrum | APY: 6.53824% | TVL: $9,993,297
2026-04-23 03:16:18,339 - INFO - 📈 Virtual Growth: +$0.00000933 | Balance: $5.00052998
2026-04-23 03:31:18,472 - INFO - --- 📡 Scanning all pools for Aave ---
2026-04-23 03:31:18,487 - INFO - 📡 Scanning yields for 6 chains...
2026-04-23 03:31:21,079 - INFO - 🎯 FOUND: aave-v3 on Arbitrum | APY: 6.53824% | TVL: $9,993,297
📡 Sending heartbeat to Supabase: aave-v3 (Arbitrum)...
2026-04-23 03:31:22,265 - INFO - HTTP Request: POST https://gfakwogvcdawtqawqlxo.supabase.co/rest/v1/heartbeat_logs "HTTP/2 201 Created"
✅ Supabase Log Success!
2026-04-23 03:31:22,291 - INFO - 📈 Virtual Growth: +$0.00000933 | Balance: $5.00053931
2026-04-23 03:46:22,446 - INFO - --- 📡 Scanning all pools for Aave ---
2026-04-23 03:46:22,471 - INFO - 📡 Scanning yields for 6 chains...
2026-04-23 03:46:25,388 - INFO - 🎯 FOUND: aave-v3 on Arbitrum | APY: 6.53824% | TVL: $9,993,297
2026-04-23 03:46:25,389 - INFO - 📈 Virtual Growth: +$0.00000933 | Balance: $5.00054864
2026-04-23 04:01:25,515 - INFO - --- 📡 Scanning all pools for Aave ---
2026-04-23 04:01:25,540 - INFO - 📡 Scanning yields for 6 chains...
2026-04-23 04:01:31,026 - INFO - 🎯 FOUND: aave-v3 on Arbitrum | APY: 6.53824% | TVL: $9,993,297
2026-04-23 04:01:31,027 - INFO - 📈 Virtual Growth: +$0.00000933 | Balance: $5.00055797
2026-04-23 04:16:31,223 - INFO - --- 📡 Scanning all pools for Aave ---
2026-04-23 04:16:31,257 - INFO - 📡 Scanning yields for 6 chains...
2026-04-23 04:17:03,981 - INFO - 💤 No Aave pools found on allowed chains. Resting.
2026-04-23 04:36:27,194 - INFO - --- 📡 Scanning all pools for Aave ---
2026-04-23 04:36:27,238 - INFO - 📡 Scanning yields for 6 chains...
2026-04-23 04:36:30,194 - INFO - 🎯 FOUND: aave-v3 on Arbitrum | APY: 6.14964% | TVL: $10,672,470
📡 Sending heartbeat to Supabase: aave-v3 (Arbitrum)...
2026-04-23 04:36:31,497 - INFO - HTTP Request: POST https://gfakwogvcdawtqawqlxo.supabase.co/rest/v1/heartbeat_logs "HTTP/2 201 Created"
✅ Supabase Log Success!
2026-04-23 04:36:31,520 - INFO - 📈 Virtual Growth: +$0.00000878 | Balance: $5.00056675
2026-04-23 04:51:31,691 - INFO - --- 📡 Scanning all pools for Aave ---
2026-04-23 04:51:31,707 - INFO - 📡 Scanning yields for 6 chains...
2026-04-23 04:51:35,073 - INFO - 🎯 FOUND: aave-v3 on Arbitrum | APY: 6.14964% | TVL: $10,672,470
2026-04-23 04:51:35,073 - INFO - 📈 Virtual Growth: +$0.00000878 | Balance: $5.00057552
2026-04-23 05:06:35,246 - INFO - --- 📡 Scanning all pools for Aave ---
2026-04-23 05:06:35,316 - INFO - 📡 Scanning yields for 6 chains...
2026-04-23 05:06:38,397 - INFO - 🎯 FOUND: aave-v3 on Arbitrum | APY: 6.14964% | TVL: $10,672,470
2026-04-23 05:06:38,397 - INFO - 📈 Virtual Growth: +$0.00000878 | Balance: $5.00058430
2026-04-23 05:21:38,566 - INFO - --- 📡 Scanning all pools for Aave ---
2026-04-23 05:21:38,587 - INFO - 📡 Scanning yields for 6 chains...
2026-04-23 05:21:43,500 - INFO - 🎯 FOUND: aave-v3 on Arbitrum | APY: 6.14964% | TVL: $10,672,470
2026-04-23 05:21:43,500 - INFO - 📈 Virtual Growth: +$0.00000878 | Balance: $5.00059308
2026-04-23 05:36:43,591 - INFO - --- 📡 Scanning all pools for Aave ---
2026-04-23 05:36:43,625 - INFO - 📡 Scanning yields for 6 chains...
2026-04-23 05:36:48,497 - INFO - 🎯 FOUND: aave-v3 on Arbitrum | APY: 6.17649% | TVL: $10,621,663
📡 Sending heartbeat to Supabase: aave-v3 (Arbitrum)...
2026-04-23 05:36:49,482 - INFO - HTTP Request: POST https://gfakwogvcdawtqawqlxo.supabase.co/rest/v1/heartbeat_logs "HTTP/2 201 Created"
✅ Supabase Log Success!
2026-04-23 05:36:49,515 - INFO - 📈 Virtual Growth: +$0.00000881 | Balance: $5.00060189
2026-04-23 05:51:49,744 - INFO - --- 📡 Scanning all pools for Aave ---
2026-04-23 05:51:49,788 - INFO - 📡 Scanning yields for 6 chains...
2026-04-23 05:51:52,736 - INFO - 🎯 FOUND: aave-v3 on Arbitrum | APY: 6.17649% | TVL: $10,621,663
2026-04-23 05:51:52,736 - INFO - 📈 Virtual Growth: +$0.00000881 | Balance: $5.00061071
2026-04-23 06:14:47,169 - INFO - --- 📡 Scanning all pools for Aave ---
2026-04-23 06:14:47,186 - INFO - 📡 Scanning yields for 6 chains...
2026-04-23 06:14:50,402 - INFO - 🎯 FOUND: aave-v3 on Arbitrum | APY: 6.17649% | TVL: $10,621,663
2026-04-23 06:14:50,405 - INFO - 📈 Virtual Growth: +$0.00000881 | Balance: $5.00061952
2026-04-23 06:33:35,389 - INFO - --- 📡 Scanning all pools for Aave ---
2026-04-23 06:33:35,428 - INFO - 📡 Scanning yields for 6 chains...
2026-04-23 06:33:38,591 - INFO - 🎯 FOUND: aave-v3 on Arbitrum | APY: 6.13363% | TVL: $10,697,571
2026-04-23 06:33:38,592 - INFO - 📈 Virtual Growth: +$0.00000875 | Balance: $5.00062827
2026-04-23 06:48:38,718 - INFO - --- 📡 Scanning all pools for Aave ---
2026-04-23 06:48:38,734 - INFO - 📡 Scanning yields for 6 chains...
2026-04-23 06:48:41,859 - INFO - 🎯 FOUND: aave-v3 on Arbitrum | APY: 6.13363% | TVL: $10,697,571
📡 Sending heartbeat to Supabase: aave-v3 (Arbitrum)...
2026-04-23 06:48:43,005 - INFO - HTTP Request: POST https://gfakwogvcdawtqawqlxo.supabase.co/rest/v1/heartbeat_logs "HTTP/2 201 Created"
✅ Supabase Log Success!
2026-04-23 06:48:43,012 - INFO - 📈 Virtual Growth: +$0.00000875 | Balance: $5.00063703
2026-04-23 07:03:43,142 - INFO - --- 📡 Scanning all pools for Aave ---
2026-04-23 07:03:43,155 - INFO - 📡 Scanning yields for 6 chains...
2026-04-23 07:03:46,192 - INFO - 🎯 FOUND: aave-v3 on Arbitrum | APY: 6.13363% | TVL: $10,697,571
2026-04-23 07:03:46,192 - INFO - 📈 Virtual Growth: +$0.00000875 | Balance: $5.00064578
2026-04-23 07:18:46,376 - INFO - --- 📡 Scanning all pools for Aave ---
2026-04-23 07:18:46,436 - INFO - 📡 Scanning yields for 6 chains...
2026-04-23 07:18:52,289 - INFO - 🎯 FOUND: aave-v3 on Arbitrum | APY: 6.13363% | TVL: $10,697,571
2026-04-23 07:18:52,290 - INFO - 📈 Virtual Growth: +$0.00000875 | Balance: $5.00065453
2026-04-23 07:33:52,455 - INFO - --- 📡 Scanning all pools for Aave ---
2026-04-23 07:33:52,477 - INFO - 📡 Scanning yields for 6 chains...
2026-04-23 07:33:59,090 - INFO - 🎯 FOUND: aave-v3 on Arbitrum | APY: 6.09616% | TVL: $10,760,214
2026-04-23 07:33:59,093 - INFO - 📈 Virtual Growth: +$0.00000870 | Balance: $5.00066323
2026-04-23 07:52:17,765 - INFO - --- 📡 Scanning all pools for Aave ---
2026-04-23 07:52:17,800 - INFO - 📡 Scanning yields for 6 chains...
2026-04-23 07:52:36,678 - INFO - 🎯 FOUND: aave-v3 on Arbitrum | APY: 6.09616% | TVL: $10,760,214
📡 Sending heartbeat to Supabase: aave-v3 (Arbitrum)...
2026-04-23 07:52:52,094 - INFO - HTTP Request: POST https://gfakwogvcdawtqawqlxo.supabase.co/rest/v1/heartbeat_logs "HTTP/2 201 Created"
✅ Supabase Log Success!
2026-04-23 07:52:52,146 - INFO - 📈 Virtual Growth: +$0.00000870 | Balance: $5.00067193
2026-04-23 08:10:11,780 - INFO - --- 📡 Scanning all pools for Aave ---
2026-04-23 08:10:12,106 - INFO - 📡 Scanning yields for 6 chains...
2026-04-23 08:10:17,271 - INFO - 🎯 FOUND: aave-v3 on Arbitrum | APY: 6.09616% | TVL: $10,760,214
2026-04-23 08:10:17,291 - INFO - 📈 Virtual Growth: +$0.00000870 | Balance: $5.00068063
