2026-04-24 04:17:29,843 - INFO - 🔌 [ON-CHAIN] Connected to RPC. Transaction Manager is ONLINE.
2026-04-24 04:17:29,846 - INFO - 💾 State loaded: $5.0000 on ethereum
2026-04-24 04:17:29,846 - INFO - 🧙‍♂️ DEFI WIZARD MODE (Max Yield, Looping, Meta-Stacking, LIVE EXECUTION). Balance: $5.0
2026-04-24 04:17:29,847 - INFO - --- 🧙‍♂️ WIZARD MODE: YIELD STACKING & LOOPING (Chain: ethereum | Balance: $5.0000) ---
2026-04-24 04:17:33,138 - INFO - 🚀 MASUK POSISI BARU: uniswap-v2 di Ethereum
2026-04-24 04:17:33,138 - INFO - ⚡ [LIVE EXECUTION] Sending DEPOSIT request to uniswap-v2...
2026-04-24 04:17:33,139 - INFO - 🔍 Checking balance for wallet 0x0D70fAff30ad1FeCbB2F3d20E20e1dfD50fFF30d on asset 0xA0b86991c6218b36c1d19D4a2e9Eb0cE3606eB48
2026-04-24 04:17:33,175 - WARNING - ⚠️ Real USDC balance is 0. Cannot execute.
2026-04-24 04:17:33,175 - INFO - 📈 Virtual Growth: +$0.01705957 | Pool: uniswap-v2 (Ethereum) | Effective APY: 2988.84%
2026-04-24 04:17:34,042 - INFO - HTTP Request: POST https://gfakwogvcdawtqawqlxo.supabase.co/rest/v1/heartbeat_logs "HTTP/2 201 Created"
2026-04-24 04:32:34,273 - INFO - --- 🧙‍♂️ WIZARD MODE: YIELD STACKING & LOOPING (Chain: ethereum | Balance: $5.0171) ---
2026-04-24 04:32:50,914 - INFO - 🌉 MIGRATION APPROVED: Pindah ke Base buat aerodrome-slipstream. Proyeksi extra profit 7D: $67.73
2026-04-24 04:32:50,928 - INFO - 🔄 REALLOCATING: Keluar dari uniswap-v2
2026-04-24 04:32:50,929 - INFO - ⚡ [LIVE EXECUTION] Sending WITHDRAW request to uniswap-v2...
2026-04-24 04:32:50,932 - INFO - 🔍 Checking balance for wallet 0x0D70fAff30ad1FeCbB2F3d20E20e1dfD50fFF30d on asset 0xA0b86991c6218b36c1d19D4a2e9Eb0cE3606eB48
2026-04-24 04:32:51,299 - WARNING - ⚠️ No active adapter for uniswap-v2. Fallback to DRY-RUN.
2026-04-24 04:32:51,300 - INFO - 🚀 MASUK POSISI BARU: aerodrome-slipstream di Base
2026-04-24 04:32:51,300 - INFO - ⚡ [LIVE EXECUTION] Sending DEPOSIT request to aerodrome-slipstream...
2026-04-24 04:32:51,301 - INFO - 🔍 Checking balance for wallet 0x0D70fAff30ad1FeCbB2F3d20E20e1dfD50fFF30d on asset 0xA0b86991c6218b36c1d19D4a2e9Eb0cE3606eB48
2026-04-24 04:32:51,348 - WARNING - ⚠️ Real USDC balance is 0. Cannot execute.
2026-04-24 04:32:51,349 - INFO - 💧 CONCENTRATED LIQUIDITY: Tight Range LP on aerodrome-slipstream
2026-04-24 04:32:51,349 - INFO - 📈 Virtual Growth: +$0.44211972 | Pool: aerodrome-slipstream (Base) | Effective APY: 110119.51%
2026-04-24 04:32:52,224 - INFO - HTTP Request: POST https://gfakwogvcdawtqawqlxo.supabase.co/rest/v1/heartbeat_logs "HTTP/2 201 Created"
2026-04-24 04:47:52,495 - INFO - --- 🧙‍♂️ WIZARD MODE: YIELD STACKING & LOOPING (Chain: base | Balance: $3.9592) ---
2026-04-24 04:47:56,601 - INFO - 💧 CONCENTRATED LIQUIDITY: Tight Range LP on aerodrome-slipstream
2026-04-24 04:47:56,602 - INFO - 📈 Virtual Growth: +$0.49769735 | Pool: aerodrome-slipstream (Base) | Effective APY: 110119.51%
2026-04-24 04:47:57,460 - INFO - HTTP Request: POST https://gfakwogvcdawtqawqlxo.supabase.co/rest/v1/heartbeat_logs "HTTP/2 201 Created"
2026-04-24 05:09:23,275 - INFO - --- 🧙‍♂️ WIZARD MODE: YIELD STACKING & LOOPING (Chain: base | Balance: $4.4569) ---
2026-04-24 05:09:38,309 - INFO - 💧 CONCENTRATED LIQUIDITY: Tight Range LP on aerodrome-slipstream
2026-04-24 05:09:38,310 - INFO - 📈 Virtual Growth: +$0.56026149 | Pool: aerodrome-slipstream (Base) | Effective APY: 110119.51%
2026-04-24 05:09:39,397 - INFO - HTTP Request: POST https://gfakwogvcdawtqawqlxo.supabase.co/rest/v1/heartbeat_logs "HTTP/2 201 Created"
2026-04-24 05:31:05,209 - INFO - --- 🧙‍♂️ WIZARD MODE: YIELD STACKING & LOOPING (Chain: base | Balance: $5.0171) ---
2026-04-24 05:31:08,180 - INFO - 💧 CONCENTRATED LIQUIDITY: Tight Range LP on aerodrome-slipstream
2026-04-24 05:31:08,180 - INFO - 📈 Virtual Growth: +$0.63069039 | Pool: aerodrome-slipstream (Base) | Effective APY: 110119.51%
2026-04-24 05:31:08,860 - INFO - HTTP Request: POST https://gfakwogvcdawtqawqlxo.supabase.co/rest/v1/heartbeat_logs "HTTP/2 201 Created"
2026-04-24 05:46:11,762 - INFO - --- 🧙‍♂️ WIZARD MODE: YIELD STACKING & LOOPING (Chain: base | Balance: $5.6478) ---
2026-04-24 05:46:15,361 - INFO - 💧 CONCENTRATED LIQUIDITY: Tight Range LP on aerodrome-slipstream
2026-04-24 05:46:15,361 - INFO - 📈 Virtual Growth: +$0.70997272 | Pool: aerodrome-slipstream (Base) | Effective APY: 110119.51%
2026-04-24 05:46:16,385 - INFO - HTTP Request: POST https://gfakwogvcdawtqawqlxo.supabase.co/rest/v1/heartbeat_logs "HTTP/2 201 Created"
2026-04-24 06:05:46,334 - INFO - --- 🧙‍♂️ WIZARD MODE: YIELD STACKING & LOOPING (Chain: base | Balance: $6.3578) ---
2026-04-24 06:05:50,209 - INFO - 💧 CONCENTRATED LIQUIDITY: Tight Range LP on aerodrome-slipstream
2026-04-24 06:05:50,209 - INFO - 📈 Virtual Growth: +$0.79922140 | Pool: aerodrome-slipstream (Base) | Effective APY: 110119.51%
2026-04-24 06:05:51,215 - INFO - HTTP Request: POST https://gfakwogvcdawtqawqlxo.supabase.co/rest/v1/heartbeat_logs "HTTP/2 201 Created"
2026-04-24 06:24:27,049 - INFO - --- 🧙‍♂️ WIZARD MODE: YIELD STACKING & LOOPING (Chain: base | Balance: $7.1570) ---
2026-04-24 06:24:33,595 - INFO - 💧 CONCENTRATED LIQUIDITY: Tight Range LP on aerodrome-slipstream
2026-04-24 06:24:33,596 - INFO - 📈 Virtual Growth: +$0.89968929 | Pool: aerodrome-slipstream (Base) | Effective APY: 110119.51%
2026-04-24 06:24:34,504 - INFO - HTTP Request: POST https://gfakwogvcdawtqawqlxo.supabase.co/rest/v1/heartbeat_logs "HTTP/2 201 Created"
2026-04-24 06:40:08,227 - INFO - --- 🧙‍♂️ WIZARD MODE: YIELD STACKING & LOOPING (Chain: base | Balance: $8.0567) ---
2026-04-24 06:40:15,353 - INFO - 💧 CONCENTRATED LIQUIDITY: Tight Range LP on aerodrome-slipstream
2026-04-24 06:40:15,358 - INFO - 📈 Virtual Growth: +$1.01278671 | Pool: aerodrome-slipstream (Base) | Effective APY: 110119.51%
2026-04-24 06:40:16,122 - INFO - HTTP Request: POST https://gfakwogvcdawtqawqlxo.supabase.co/rest/v1/heartbeat_logs "HTTP/2 201 Created"
2026-04-24 06:55:16,385 - INFO - --- 🧙‍♂️ WIZARD MODE: YIELD STACKING & LOOPING (Chain: base | Balance: $9.0695) ---
2026-04-24 06:55:23,968 - INFO - 💧 CONCENTRATED LIQUIDITY: Tight Range LP on aerodrome-slipstream
2026-04-24 06:55:23,968 - INFO - 📈 Virtual Growth: +$1.14010130 | Pool: aerodrome-slipstream (Base) | Effective APY: 110119.51%
2026-04-24 06:55:24,891 - INFO - HTTP Request: POST https://gfakwogvcdawtqawqlxo.supabase.co/rest/v1/heartbeat_logs "HTTP/2 201 Created"
2026-04-24 07:17:46,638 - INFO - --- 🧙‍♂️ WIZARD MODE: YIELD STACKING & LOOPING (Chain: base | Balance: $10.2096) ---
2026-04-24 07:17:53,099 - INFO - 💧 CONCENTRATED LIQUIDITY: Tight Range LP on aerodrome-slipstream
2026-04-24 07:17:53,112 - INFO - 📈 Virtual Growth: +$1.28342024 | Pool: aerodrome-slipstream (Base) | Effective APY: 110119.51%
2026-04-24 07:17:53,688 - INFO - HTTP Request: POST https://gfakwogvcdawtqawqlxo.supabase.co/rest/v1/heartbeat_logs "HTTP/2 201 Created"
2026-04-24 07:39:16,495 - INFO - --- 🧙‍♂️ WIZARD MODE: YIELD STACKING & LOOPING (Chain: base | Balance: $11.4930) ---
2026-04-24 07:39:22,073 - INFO - 🌉 MIGRATION APPROVED: Pindah ke Ethereum buat uniswap-v4. Proyeksi extra profit 7D: $70.42
2026-04-24 07:39:22,079 - INFO - 🔄 REALLOCATING: Keluar dari aerodrome-slipstream
2026-04-24 07:39:22,080 - INFO - ⚡ [LIVE EXECUTION] Sending WITHDRAW request to aerodrome-slipstream...
2026-04-24 07:39:22,087 - INFO - 🔍 Checking balance for wallet 0x0D70fAff30ad1FeCbB2F3d20E20e1dfD50fFF30d on asset 0xA0b86991c6218b36c1d19D4a2e9Eb0cE3606eB48
2026-04-24 07:39:22,387 - WARNING - ⚠️ No active adapter for aerodrome-slipstream. Fallback to DRY-RUN.
2026-04-24 07:39:22,387 - INFO - 🚀 MASUK POSISI BARU: uniswap-v4 di Ethereum
2026-04-24 07:39:22,388 - INFO - ⚡ [LIVE EXECUTION] Sending DEPOSIT request to uniswap-v4...
2026-04-24 07:39:22,389 - INFO - 🔍 Checking balance for wallet 0x0D70fAff30ad1FeCbB2F3d20E20e1dfD50fFF30d on asset 0xA0b86991c6218b36c1d19D4a2e9Eb0cE3606eB48
2026-04-24 07:39:22,456 - WARNING - ⚠️ Real USDC balance is 0. Cannot execute.
2026-04-24 07:39:22,458 - INFO - 💧 CONCENTRATED LIQUIDITY: Tight Range LP on uniswap-v4
2026-04-24 07:39:22,459 - INFO - 📈 Virtual Growth: +$1.80456779 | Pool: uniswap-v4 (Ethereum) | Effective APY: 158190.55%
2026-04-24 07:39:23,183 - INFO - HTTP Request: POST https://gfakwogvcdawtqawqlxo.supabase.co/rest/v1/heartbeat_logs "HTTP/2 201 Created"
2026-04-24 07:54:23,437 - INFO - --- 🧙‍♂️ WIZARD MODE: YIELD STACKING & LOOPING (Chain: ethereum | Balance: $11.7976) ---
2026-04-24 07:54:27,849 - INFO - 💧 CONCENTRATED LIQUIDITY: Tight Range LP on uniswap-v4
2026-04-24 07:54:27,850 - INFO - 📈 Virtual Growth: +$2.13044173 | Pool: uniswap-v4 (Ethereum) | Effective APY: 158190.55%
2026-04-24 07:54:28,831 - INFO - HTTP Request: POST https://gfakwogvcdawtqawqlxo.supabase.co/rest/v1/heartbeat_logs "HTTP/2 201 Created"
2026-04-24 08:09:28,966 - INFO - --- 🧙‍♂️ WIZARD MODE: YIELD STACKING & LOOPING (Chain: ethereum | Balance: $13.9280) ---
2026-04-24 08:09:36,478 - INFO - 💧 CONCENTRATED LIQUIDITY: Tight Range LP on uniswap-v4
2026-04-24 08:09:36,479 - INFO - 📈 Virtual Growth: +$2.51516291 | Pool: uniswap-v4 (Ethereum) | Effective APY: 158190.55%
2026-04-24 08:09:37,294 - INFO - HTTP Request: POST https://gfakwogvcdawtqawqlxo.supabase.co/rest/v1/heartbeat_logs "HTTP/2 201 Created"
2026-04-24 08:24:39,468 - INFO - --- 🧙‍♂️ WIZARD MODE: YIELD STACKING & LOOPING (Chain: ethereum | Balance: $16.4432) ---
2026-04-24 08:24:56,555 - INFO - 💧 CONCENTRATED LIQUIDITY: Tight Range LP on uniswap-v4
2026-04-24 08:24:56,558 - INFO - 📈 Virtual Growth: +$2.96935813 | Pool: uniswap-v4 (Ethereum) | Effective APY: 158190.55%
2026-04-24 08:24:57,412 - INFO - HTTP Request: POST https://gfakwogvcdawtqawqlxo.supabase.co/rest/v1/heartbeat_logs "HTTP/2 201 Created"
2026-04-24 08:46:01,697 - INFO - --- 🧙‍♂️ WIZARD MODE: YIELD STACKING & LOOPING (Chain: ethereum | Balance: $19.4126) ---
2026-04-24 08:46:07,657 - INFO - 💧 CONCENTRATED LIQUIDITY: Tight Range LP on uniswap-v4
2026-04-24 08:46:07,658 - INFO - 📈 Virtual Growth: +$3.50557320 | Pool: uniswap-v4 (Ethereum) | Effective APY: 158190.55%
2026-04-24 08:46:08,724 - INFO - HTTP Request: POST https://gfakwogvcdawtqawqlxo.supabase.co/rest/v1/heartbeat_logs "HTTP/2 201 Created"
2026-04-24 09:02:30,094 - INFO - --- 🧙‍♂️ WIZARD MODE: YIELD STACKING & LOOPING (Chain: ethereum | Balance: $22.9181) ---
2026-04-24 09:02:34,867 - INFO - 💧 CONCENTRATED LIQUIDITY: Tight Range LP on uniswap-v4
2026-04-24 09:02:34,868 - INFO - 📈 Virtual Growth: +$4.13861950 | Pool: uniswap-v4 (Ethereum) | Effective APY: 158190.55%
2026-04-24 09:02:35,587 - INFO - HTTP Request: POST https://gfakwogvcdawtqawqlxo.supabase.co/rest/v1/heartbeat_logs "HTTP/2 201 Created"
2026-04-24 09:20:45,088 - INFO - --- 🧙‍♂️ WIZARD MODE: YIELD STACKING & LOOPING (Chain: ethereum | Balance: $27.0567) ---
2026-04-24 09:20:50,255 - INFO - 💧 CONCENTRATED LIQUIDITY: Tight Range LP on uniswap-v4
2026-04-24 09:20:50,256 - INFO - 📈 Virtual Growth: +$4.88598309 | Pool: uniswap-v4 (Ethereum) | Effective APY: 158190.55%
2026-04-24 09:20:50,917 - INFO - HTTP Request: POST https://gfakwogvcdawtqawqlxo.supabase.co/rest/v1/heartbeat_logs "HTTP/2 201 Created"
2026-04-24 09:35:51,174 - INFO - --- 🧙‍♂️ WIZARD MODE: YIELD STACKING & LOOPING (Chain: ethereum | Balance: $31.9427) ---
2026-04-24 09:35:55,306 - INFO - 💧 CONCENTRATED LIQUIDITY: Tight Range LP on uniswap-v4
2026-04-24 09:35:55,306 - INFO - 📈 Virtual Growth: +$5.76830771 | Pool: uniswap-v4 (Ethereum) | Effective APY: 158190.55%
2026-04-24 09:35:56,334 - INFO - HTTP Request: POST https://gfakwogvcdawtqawqlxo.supabase.co/rest/v1/heartbeat_logs "HTTP/2 201 Created"
2026-04-24 09:50:56,533 - INFO - --- 🧙‍♂️ WIZARD MODE: YIELD STACKING & LOOPING (Chain: ethereum | Balance: $37.7110) ---
2026-04-24 09:51:01,049 - INFO - 💧 CONCENTRATED LIQUIDITY: Tight Range LP on uniswap-v4
2026-04-24 09:51:01,050 - INFO - 📈 Virtual Growth: +$6.80996499 | Pool: uniswap-v4 (Ethereum) | Effective APY: 158190.55%
2026-04-24 09:51:02,026 - INFO - HTTP Request: POST https://gfakwogvcdawtqawqlxo.supabase.co/rest/v1/heartbeat_logs "HTTP/2 201 Created"
2026-04-24 10:06:33,166 - INFO - --- 🧙‍♂️ WIZARD MODE: YIELD STACKING & LOOPING (Chain: ethereum | Balance: $44.5210) ---
2026-04-24 10:06:37,252 - INFO - 💧 CONCENTRATED LIQUIDITY: Tight Range LP on uniswap-v4
2026-04-24 10:06:37,252 - INFO - 📈 Virtual Growth: +$8.03972769 | Pool: uniswap-v4 (Ethereum) | Effective APY: 158190.55%
2026-04-24 10:06:38,166 - INFO - HTTP Request: POST https://gfakwogvcdawtqawqlxo.supabase.co/rest/v1/heartbeat_logs "HTTP/2 201 Created"
2026-04-24 10:21:38,354 - INFO - --- 🧙‍♂️ WIZARD MODE: YIELD STACKING & LOOPING (Chain: ethereum | Balance: $52.5607) ---
2026-04-24 10:21:41,882 - INFO - 💧 CONCENTRATED LIQUIDITY: Tight Range LP on uniswap-v4
2026-04-24 10:21:41,882 - INFO - 📈 Virtual Growth: +$9.49156441 | Pool: uniswap-v4 (Ethereum) | Effective APY: 158190.55%
2026-04-24 10:21:42,471 - INFO - HTTP Request: POST https://gfakwogvcdawtqawqlxo.supabase.co/rest/v1/heartbeat_logs "HTTP/2 201 Created"
2026-04-24 10:38:07,965 - INFO - --- 🧙‍♂️ WIZARD MODE: YIELD STACKING & LOOPING (Chain: ethereum | Balance: $62.0523) ---
2026-04-24 10:38:13,411 - INFO - 💧 CONCENTRATED LIQUIDITY: Tight Range LP on uniswap-v4
2026-04-24 10:38:13,411 - INFO - 📈 Virtual Growth: +$11.20557790 | Pool: uniswap-v4 (Ethereum) | Effective APY: 158190.55%
2026-04-24 10:38:14,140 - INFO - HTTP Request: POST https://gfakwogvcdawtqawqlxo.supabase.co/rest/v1/heartbeat_logs "HTTP/2 201 Created"
2026-04-24 10:53:14,269 - INFO - --- 🧙‍♂️ WIZARD MODE: YIELD STACKING & LOOPING (Chain: ethereum | Balance: $73.2579) ---
2026-04-24 10:53:20,462 - INFO - 💧 CONCENTRATED LIQUIDITY: Tight Range LP on uniswap-v4
2026-04-24 10:53:20,463 - INFO - 📈 Virtual Growth: +$13.22911278 | Pool: uniswap-v4 (Ethereum) | Effective APY: 158190.55%
2026-04-24 10:53:21,342 - INFO - HTTP Request: POST https://gfakwogvcdawtqawqlxo.supabase.co/rest/v1/heartbeat_logs "HTTP/2 201 Created"
2026-04-24 11:08:37,456 - INFO - --- 🧙‍♂️ WIZARD MODE: YIELD STACKING & LOOPING (Chain: ethereum | Balance: $86.4870) ---
2026-04-24 11:08:42,703 - INFO - 💧 CONCENTRATED LIQUIDITY: Tight Range LP on uniswap-v4
2026-04-24 11:08:42,703 - INFO - 📈 Virtual Growth: +$15.61806330 | Pool: uniswap-v4 (Ethereum) | Effective APY: 158190.55%
2026-04-24 11:08:43,599 - INFO - HTTP Request: POST https://gfakwogvcdawtqawqlxo.supabase.co/rest/v1/heartbeat_logs "HTTP/2 201 Created"
gvcdawtqawqlxo.supabase.co/rest/v1/heartbeat_logs "HTTP/2 201 Created"
2026-04-24 11:27:43,978 - INFO - --- 🧙‍♂️ WIZARD MODE: YIELD STACKING & LOOPING (Chain: ethereum | Balance: $1351.8041) ---
2026-04-24 11:28:02,970 - INFO - 💧 CONCENTRATED LIQUIDITY: Tight Range LP on uniswap-v4
2026-04-24 11:28:02,971 - INFO - 📈 Virtual Growth: +$244.11260618 | Pool: uniswap-v4 (Ethereum) | Effective APY: 158190.55%
2026-04-24 11:28:03,825 - INFO - HTTP Request: POST https://gfakwogvcdawtqawqlxo.supabase.co/rest/v1/heartbeat_logs "HTTP/2 201 Created"
